[0.165s] DEBUG:colcon:Command line arguments: ['/usr/bin/colcon', 'build']
[0.165s] DEBUG:colcon:Parsed command line arguments: Namespace(log_base=None, log_level=None, verb_name='build', build_base='build', install_base='install', merge_install=False, symlink_install=False, test_result_base=None, continue_on_error=False, executor='parallel', parallel_workers=20, event_handlers=None, ignore_user_meta=False, metas=['./colcon.meta'], base_paths=['.'], packages_ignore=None, packages_ignore_regex=None, paths=None, packages_up_to=None, packages_up_to_regex=None, packages_above=None, packages_above_and_dependencies=None, packages_above_depth=None, packages_select_by_dep=None, packages_skip_by_dep=None, packages_skip_up_to=None, packages_select_build_failed=False, packages_skip_build_finished=False, packages_select_test_failures=False, packages_skip_test_passed=False, packages_select=None, packages_skip=None, packages_select_regex=None, packages_skip_regex=None, packages_start=None, packages_end=None, allow_overriding=[], cmake_args=None, cmake_target=None, cmake_target_skip_unavailable=False, cmake_clean_cache=False, cmake_clean_first=False, cmake_force_configure=False, ament_cmake_args=None, catkin_cmake_args=None, catkin_skip_building_tests=False, verb_parser=<colcon_defaults.argument_parser.defaults.DefaultArgumentsDecorator object at 0x7f9dc4c5f2b0>, verb_extension=<colcon_core.verb.build.BuildVerb object at 0x7f9dc55cae90>, main=<bound method BuildVerb.main of <colcon_core.verb.build.BuildVerb object at 0x7f9dc55cae90>>)
[0.188s] Level 1:colcon.colcon_core.package_discovery:discover_packages(colcon_meta) check parameters
[0.188s] Level 1:colcon.colcon_core.package_discovery:discover_packages(recursive) check parameters
[0.188s] Level 1:colcon.colcon_core.package_discovery:discover_packages(ignore) check parameters
[0.188s] Level 1:colcon.colcon_core.package_discovery:discover_packages(path) check parameters
[0.188s] Level 1:colcon.colcon_core.package_discovery:discover_packages(colcon_meta) discover
[0.188s] Level 1:colcon.colcon_core.package_discovery:discover_packages(recursive) discover
[0.188s] INFO:colcon.colcon_core.package_discovery:Crawling recursively for packages in '/home/bayram/projects/LeoDrive_ws/golf_joystick_can'
[0.188s] Level 1:colcon.colcon_core.package_identification:_identify(.) by extensions ['ignore', 'ignore_ament_install']
[0.188s] Level 1:colcon.colcon_core.package_identification:_identify(.) by extension 'ignore'
[0.188s] Level 1:colcon.colcon_core.package_identification:_identify(.) by extension 'ignore_ament_install'
[0.188s] Level 1:colcon.colcon_core.package_identification:_identify(.) by extensions ['colcon_pkg']
[0.188s] Level 1:colcon.colcon_core.package_identification:_identify(.) by extension 'colcon_pkg'
[0.188s] Level 1:colcon.colcon_core.package_identification:_identify(.) by extensions ['colcon_meta']
[0.188s] Level 1:colcon.colcon_core.package_identification:_identify(.) by extension 'colcon_meta'
[0.188s] Level 1:colcon.colcon_core.package_identification:_identify(.) by extensions ['ros']
[0.188s] Level 1:colcon.colcon_core.package_identification:_identify(.) by extension 'ros'
[0.199s] Level 1:colcon.colcon_core.package_identification:_identify(.) by extensions ['cmake', 'python']
[0.199s] Level 1:colcon.colcon_core.package_identification:_identify(.) by extension 'cmake'
[0.199s] Level 1:colcon.colcon_core.package_identification:_identify(.) by extension 'python'
[0.199s] Level 1:colcon.colcon_core.package_identification:_identify(.) by extensions ['python_setup_py']
[0.199s] Level 1:colcon.colcon_core.package_identification:_identify(.) by extension 'python_setup_py'
[0.199s] Level 1:colcon.colcon_core.package_identification:_identify(build) by extensions ['ignore', 'ignore_ament_install']
[0.199s] Level 1:colcon.colcon_core.package_identification:_identify(build) by extension 'ignore'
[0.199s] Level 1:colcon.colcon_core.package_identification:_identify(build) ignored
[0.199s] Level 1:colcon.colcon_core.package_identification:_identify(install) by extensions ['ignore', 'ignore_ament_install']
[0.200s] Level 1:colcon.colcon_core.package_identification:_identify(install) by extension 'ignore'
[0.200s] Level 1:colcon.colcon_core.package_identification:_identify(install) ignored
[0.200s] Level 1:colcon.colcon_core.package_identification:_identify(log) by extensions ['ignore', 'ignore_ament_install']
[0.200s] Level 1:colcon.colcon_core.package_identification:_identify(log) by extension 'ignore'
[0.200s] Level 1:colcon.colcon_core.package_identification:_identify(log) ignored
[0.200s] Level 1:colcon.colcon_core.package_identification:_identify(src) by extensions ['ignore', 'ignore_ament_install']
[0.200s] Level 1:colcon.colcon_core.package_identification:_identify(src) by extension 'ignore'
[0.200s] Level 1:colcon.colcon_core.package_identification:_identify(src) by extension 'ignore_ament_install'
[0.200s] Level 1:colcon.colcon_core.package_identification:_identify(src) by extensions ['colcon_pkg']
[0.200s] Level 1:colcon.colcon_core.package_identification:_identify(src) by extension 'colcon_pkg'
[0.200s] Level 1:colcon.colcon_core.package_identification:_identify(src) by extensions ['colcon_meta']
[0.200s] Level 1:colcon.colcon_core.package_identification:_identify(src) by extension 'colcon_meta'
[0.200s] Level 1:colcon.colcon_core.package_identification:_identify(src) by extensions ['ros']
[0.200s] Level 1:colcon.colcon_core.package_identification:_identify(src) by extension 'ros'
[0.200s] Level 1:colcon.colcon_core.package_identification:_identify(src) by extensions ['cmake', 'python']
[0.200s] Level 1:colcon.colcon_core.package_identification:_identify(src) by extension 'cmake'
[0.200s] Level 1:colcon.colcon_core.package_identification:_identify(src) by extension 'python'
[0.200s] Level 1:colcon.colcon_core.package_identification:_identify(src) by extensions ['python_setup_py']
[0.200s] Level 1:colcon.colcon_core.package_identification:_identify(src) by extension 'python_setup_py'
[0.200s] Level 1:colcon.colcon_core.package_identification:_identify(src/g29_can) by extensions ['ignore', 'ignore_ament_install']
[0.200s] Level 1:colcon.colcon_core.package_identification:_identify(src/g29_can) by extension 'ignore'
[0.200s] Level 1:colcon.colcon_core.package_identification:_identify(src/g29_can) by extension 'ignore_ament_install'
[0.200s] Level 1:colcon.colcon_core.package_identification:_identify(src/g29_can) by extensions ['colcon_pkg']
[0.200s] Level 1:colcon.colcon_core.package_identification:_identify(src/g29_can) by extension 'colcon_pkg'
[0.200s] Level 1:colcon.colcon_core.package_identification:_identify(src/g29_can) by extensions ['colcon_meta']
[0.200s] Level 1:colcon.colcon_core.package_identification:_identify(src/g29_can) by extension 'colcon_meta'
[0.200s] Level 1:colcon.colcon_core.package_identification:_identify(src/g29_can) by extensions ['ros']
[0.201s] Level 1:colcon.colcon_core.package_identification:_identify(src/g29_can) by extension 'ros'
[0.202s] DEBUG:colcon.colcon_core.package_identification:Package 'src/g29_can' with type 'ros.ament_cmake' and name 'g29_can'
[0.202s] Level 1:colcon.colcon_core.package_discovery:discover_packages(recursive) using defaults
[0.202s] Level 1:colcon.colcon_core.package_discovery:discover_packages(ignore) discover
[0.202s] Level 1:colcon.colcon_core.package_discovery:discover_packages(ignore) using defaults
[0.202s] Level 1:colcon.colcon_core.package_discovery:discover_packages(path) discover
[0.202s] Level 1:colcon.colcon_core.package_discovery:discover_packages(path) using defaults
[0.216s] Level 1:colcon.colcon_core.package_discovery:discover_packages(prefix_path) check parameters
[0.216s] Level 1:colcon.colcon_core.package_discovery:discover_packages(prefix_path) discover
[0.218s] DEBUG:colcon.colcon_installed_package_information.package_discovery:Found 275 installed packages in /opt/ros/humble
[0.219s] Level 1:colcon.colcon_core.package_discovery:discover_packages(prefix_path) using defaults
[0.251s] Level 5:colcon.colcon_core.verb:set package 'g29_can' build argument 'cmake_args' from command line to 'None'
[0.251s] Level 5:colcon.colcon_core.verb:set package 'g29_can' build argument 'cmake_target' from command line to 'None'
[0.251s] Level 5:colcon.colcon_core.verb:set package 'g29_can' build argument 'cmake_target_skip_unavailable' from command line to 'False'
[0.251s] Level 5:colcon.colcon_core.verb:set package 'g29_can' build argument 'cmake_clean_cache' from command line to 'False'
[0.251s] Level 5:colcon.colcon_core.verb:set package 'g29_can' build argument 'cmake_clean_first' from command line to 'False'
[0.251s] Level 5:colcon.colcon_core.verb:set package 'g29_can' build argument 'cmake_force_configure' from command line to 'False'
[0.251s] Level 5:colcon.colcon_core.verb:set package 'g29_can' build argument 'ament_cmake_args' from command line to 'None'
[0.251s] Level 5:colcon.colcon_core.verb:set package 'g29_can' build argument 'catkin_cmake_args' from command line to 'None'
[0.251s] Level 5:colcon.colcon_core.verb:set package 'g29_can' build argument 'catkin_skip_building_tests' from command line to 'False'
[0.252s] DEBUG:colcon.colcon_core.verb:Building package 'g29_can' with the following arguments: {'ament_cmake_args': None, 'build_base': '/home/bayram/projects/LeoDrive_ws/golf_joystick_can/build/g29_can', 'catkin_cmake_args': None, 'catkin_skip_building_tests': False, 'cmake_args': None, 'cmake_clean_cache': False, 'cmake_clean_first': False, 'cmake_force_configure': False, 'cmake_target': None, 'cmake_target_skip_unavailable': False, 'install_base': '/home/bayram/projects/LeoDrive_ws/golf_joystick_can/install/g29_can', 'merge_install': False, 'path': '/home/bayram/projects/LeoDrive_ws/golf_joystick_can/src/g29_can', 'symlink_install': False, 'test_result_base': None}
[0.252s] INFO:colcon.colcon_core.executor:Executing jobs using 'parallel' executor
[0.254s] DEBUG:colcon.colcon_parallel_executor.executor.parallel:run_until_complete
[0.254s] INFO:colcon.colcon_ros.task.ament_cmake.build:Building ROS package in '/home/bayram/projects/LeoDrive_ws/golf_joystick_can/src/g29_can' with build type 'ament_cmake'
[0.254s] INFO:colcon.colcon_cmake.task.cmake.build:Building CMake package in '/home/bayram/projects/LeoDrive_ws/golf_joystick_can/src/g29_can'
[0.257s] INFO:colcon.colcon_core.plugin_system:Skipping extension 'colcon_core.shell.bat': Not used on non-Windows systems
[0.257s] INFO:colcon.colcon_core.shell:Skip shell extension 'powershell' for command environment: Not usable outside of PowerShell
[0.257s] DEBUG:colcon.colcon_core.shell:Skip shell extension 'dsv' for command environment
[0.263s] DEBUG:colcon.colcon_core.event_handler.log_command:Invoking command in '/home/bayram/projects/LeoDrive_ws/golf_joystick_can/build/g29_can': CMAKE_PREFIX_PATH=/opt/ros/humble /usr/bin/cmake /home/bayram/projects/LeoDrive_ws/golf_joystick_can/src/g29_can -DCMAKE_INSTALL_PREFIX=/home/bayram/projects/LeoDrive_ws/golf_joystick_can/install/g29_can
[1.098s] DEBUG:colcon.colcon_core.event_handler.log_command:Invoked command in '/home/bayram/projects/LeoDrive_ws/golf_joystick_can/build/g29_can' returned '0': CMAKE_PREFIX_PATH=/opt/ros/humble /usr/bin/cmake /home/bayram/projects/LeoDrive_ws/golf_joystick_can/src/g29_can -DCMAKE_INSTALL_PREFIX=/home/bayram/projects/LeoDrive_ws/golf_joystick_can/install/g29_can
[1.099s] DEBUG:colcon.colcon_core.event_handler.log_command:Invoking command in '/home/bayram/projects/LeoDrive_ws/golf_joystick_can/build/g29_can': CMAKE_PREFIX_PATH=/opt/ros/humble /usr/bin/cmake --build /home/bayram/projects/LeoDrive_ws/golf_joystick_can/build/g29_can -- -j20 -l20
[6.379s] DEBUG:colcon.colcon_core.event_handler.log_command:Invoked command in '/home/bayram/projects/LeoDrive_ws/golf_joystick_can/build/g29_can' returned '0': CMAKE_PREFIX_PATH=/opt/ros/humble /usr/bin/cmake --build /home/bayram/projects/LeoDrive_ws/golf_joystick_can/build/g29_can -- -j20 -l20
[6.397s] DEBUG:colcon.colcon_core.event_handler.log_command:Invoking command in '/home/bayram/projects/LeoDrive_ws/golf_joystick_can/build/g29_can': CMAKE_PREFIX_PATH=/opt/ros/humble /usr/bin/cmake --install /home/bayram/projects/LeoDrive_ws/golf_joystick_can/build/g29_can
[6.405s] Level 1:colcon.colcon_core.environment:create_environment_scripts_only(g29_can)
[6.405s] DEBUG:colcon.colcon_core.event_handler.log_command:Invoked command in '/home/bayram/projects/LeoDrive_ws/golf_joystick_can/build/g29_can' returned '0': CMAKE_PREFIX_PATH=/opt/ros/humble /usr/bin/cmake --install /home/bayram/projects/LeoDrive_ws/golf_joystick_can/build/g29_can
[6.408s] Level 1:colcon.colcon_core.environment:checking '/home/bayram/projects/LeoDrive_ws/golf_joystick_can/install/g29_can' for CMake module files
[6.408s] Level 1:colcon.colcon_core.environment:checking '/home/bayram/projects/LeoDrive_ws/golf_joystick_can/install/g29_can' for CMake config files
[6.408s] Level 1:colcon.colcon_core.shell:create_environment_hook('g29_can', 'cmake_prefix_path')
[6.409s] INFO:colcon.colcon_core.shell:Creating environment hook '/home/bayram/projects/LeoDrive_ws/golf_joystick_can/install/g29_can/share/g29_can/hook/cmake_prefix_path.ps1'
[6.410s] INFO:colcon.colcon_core.shell:Creating environment descriptor '/home/bayram/projects/LeoDrive_ws/golf_joystick_can/install/g29_can/share/g29_can/hook/cmake_prefix_path.dsv'
[6.410s] INFO:colcon.colcon_core.shell:Creating environment hook '/home/bayram/projects/LeoDrive_ws/golf_joystick_can/install/g29_can/share/g29_can/hook/cmake_prefix_path.sh'
[6.410s] Level 1:colcon.colcon_core.environment:checking '/home/bayram/projects/LeoDrive_ws/golf_joystick_can/install/g29_can/lib'
[6.410s] Level 1:colcon.colcon_core.environment:checking '/home/bayram/projects/LeoDrive_ws/golf_joystick_can/install/g29_can/bin'
[6.410s] Level 1:colcon.colcon_core.environment:checking '/home/bayram/projects/LeoDrive_ws/golf_joystick_can/install/g29_can/lib/pkgconfig/g29_can.pc'
[6.411s] Level 1:colcon.colcon_core.environment:checking '/home/bayram/projects/LeoDrive_ws/golf_joystick_can/install/g29_can/lib/python3.10/site-packages'
[6.411s] Level 1:colcon.colcon_core.environment:checking '/home/bayram/projects/LeoDrive_ws/golf_joystick_can/install/g29_can/bin'
[6.411s] INFO:colcon.colcon_core.shell:Creating package script '/home/bayram/projects/LeoDrive_ws/golf_joystick_can/install/g29_can/share/g29_can/package.ps1'
[6.412s] INFO:colcon.colcon_core.shell:Creating package descriptor '/home/bayram/projects/LeoDrive_ws/golf_joystick_can/install/g29_can/share/g29_can/package.dsv'
[6.412s] INFO:colcon.colcon_core.shell:Creating package script '/home/bayram/projects/LeoDrive_ws/golf_joystick_can/install/g29_can/share/g29_can/package.sh'
[6.413s] INFO:colcon.colcon_core.shell:Creating package script '/home/bayram/projects/LeoDrive_ws/golf_joystick_can/install/g29_can/share/g29_can/package.bash'
[6.413s] INFO:colcon.colcon_core.shell:Creating package script '/home/bayram/projects/LeoDrive_ws/golf_joystick_can/install/g29_can/share/g29_can/package.zsh'
[6.413s] Level 1:colcon.colcon_core.environment:create_file_with_runtime_dependencies(/home/bayram/projects/LeoDrive_ws/golf_joystick_can/install/g29_can/share/colcon-core/packages/g29_can)
[6.425s] Level 1:colcon.colcon_core.environment:create_environment_scripts_only(g29_can)
[6.427s] Level 1:colcon.colcon_core.environment:checking '/home/bayram/projects/LeoDrive_ws/golf_joystick_can/install/g29_can' for CMake module files
[6.427s] Level 1:colcon.colcon_core.environment:checking '/home/bayram/projects/LeoDrive_ws/golf_joystick_can/install/g29_can' for CMake config files
[6.427s] Level 1:colcon.colcon_core.shell:create_environment_hook('g29_can', 'cmake_prefix_path')
[6.428s] INFO:colcon.colcon_core.shell:Creating environment hook '/home/bayram/projects/LeoDrive_ws/golf_joystick_can/install/g29_can/share/g29_can/hook/cmake_prefix_path.ps1'
[6.428s] INFO:colcon.colcon_core.shell:Creating environment descriptor '/home/bayram/projects/LeoDrive_ws/golf_joystick_can/install/g29_can/share/g29_can/hook/cmake_prefix_path.dsv'
[6.428s] INFO:colcon.colcon_core.shell:Creating environment hook '/home/bayram/projects/LeoDrive_ws/golf_joystick_can/install/g29_can/share/g29_can/hook/cmake_prefix_path.sh'
[6.429s] Level 1:colcon.colcon_core.environment:checking '/home/bayram/projects/LeoDrive_ws/golf_joystick_can/install/g29_can/lib'
[6.429s] Level 1:colcon.colcon_core.environment:checking '/home/bayram/projects/LeoDrive_ws/golf_joystick_can/install/g29_can/bin'
[6.429s] Level 1:colcon.colcon_core.environment:checking '/home/bayram/projects/LeoDrive_ws/golf_joystick_can/install/g29_can/lib/pkgconfig/g29_can.pc'
[6.429s] Level 1:colcon.colcon_core.environment:checking '/home/bayram/projects/LeoDrive_ws/golf_joystick_can/install/g29_can/lib/python3.10/site-packages'
[6.429s] Level 1:colcon.colcon_core.environment:checking '/home/bayram/projects/LeoDrive_ws/golf_joystick_can/install/g29_can/bin'
[6.430s] INFO:colcon.colcon_core.shell:Creating package script '/home/bayram/projects/LeoDrive_ws/golf_joystick_can/install/g29_can/share/g29_can/package.ps1'
[6.430s] INFO:colcon.colcon_core.shell:Creating package descriptor '/home/bayram/projects/LeoDrive_ws/golf_joystick_can/install/g29_can/share/g29_can/package.dsv'
[6.430s] INFO:colcon.colcon_core.shell:Creating package script '/home/bayram/projects/LeoDrive_ws/golf_joystick_can/install/g29_can/share/g29_can/package.sh'
[6.430s] INFO:colcon.colcon_core.shell:Creating package script '/home/bayram/projects/LeoDrive_ws/golf_joystick_can/install/g29_can/share/g29_can/package.bash'
[6.431s] INFO:colcon.colcon_core.shell:Creating package script '/home/bayram/projects/LeoDrive_ws/golf_joystick_can/install/g29_can/share/g29_can/package.zsh'
[6.431s] Level 1:colcon.colcon_core.environment:create_file_with_runtime_dependencies(/home/bayram/projects/LeoDrive_ws/golf_joystick_can/install/g29_can/share/colcon-core/packages/g29_can)
[6.431s] DEBUG:colcon.colcon_parallel_executor.executor.parallel:closing loop
[6.431s] DEBUG:colcon.colcon_parallel_executor.executor.parallel:loop closed
[6.431s] DEBUG:colcon.colcon_parallel_executor.executor.parallel:run_until_complete finished with '0'
[6.431s] DEBUG:colcon.colcon_core.event_reactor:joining thread
[6.435s] INFO:colcon.colcon_core.plugin_system:Skipping extension 'colcon_notification.desktop_notification.terminal_notifier': Not used on non-Darwin systems
[6.435s] INFO:colcon.colcon_core.plugin_system:Skipping extension 'colcon_notification.desktop_notification.win32': Not used on non-Windows systems
[6.435s] INFO:colcon.colcon_notification.desktop_notification:Sending desktop notification using 'notify2'
[6.445s] DEBUG:colcon.colcon_core.event_reactor:joined thread
[6.446s] INFO:colcon.colcon_core.shell:Creating prefix script '/home/bayram/projects/LeoDrive_ws/golf_joystick_can/install/local_setup.ps1'
[6.447s] INFO:colcon.colcon_core.shell:Creating prefix util module '/home/bayram/projects/LeoDrive_ws/golf_joystick_can/install/_local_setup_util_ps1.py'
[6.448s] INFO:colcon.colcon_core.shell:Creating prefix chain script '/home/bayram/projects/LeoDrive_ws/golf_joystick_can/install/setup.ps1'
[6.449s] INFO:colcon.colcon_core.shell:Creating prefix script '/home/bayram/projects/LeoDrive_ws/golf_joystick_can/install/local_setup.sh'
[6.449s] INFO:colcon.colcon_core.shell:Creating prefix util module '/home/bayram/projects/LeoDrive_ws/golf_joystick_can/install/_local_setup_util_sh.py'
[6.449s] INFO:colcon.colcon_core.shell:Creating prefix chain script '/home/bayram/projects/LeoDrive_ws/golf_joystick_can/install/setup.sh'
[6.450s] INFO:colcon.colcon_core.shell:Creating prefix script '/home/bayram/projects/LeoDrive_ws/golf_joystick_can/install/local_setup.bash'
[6.450s] INFO:colcon.colcon_core.shell:Creating prefix chain script '/home/bayram/projects/LeoDrive_ws/golf_joystick_can/install/setup.bash'
[6.451s] INFO:colcon.colcon_core.shell:Creating prefix script '/home/bayram/projects/LeoDrive_ws/golf_joystick_can/install/local_setup.zsh'
[6.451s] INFO:colcon.colcon_core.shell:Creating prefix chain script '/home/bayram/projects/LeoDrive_ws/golf_joystick_can/install/setup.zsh'
