[0.017s] Invoking command in '/home/bayram/projects/LeoDrive_ws/joystick_ros2/build/joy': AMENT_PREFIX_PATH=/home/bayram/projects/LeoDrive_ws/joystick_ros2/install/sdl2_vendor:${AMENT_PREFIX_PATH} CMAKE_PREFIX_PATH=/home/bayram/projects/LeoDrive_ws/joystick_ros2/install/sdl2_vendor:/opt/ros/humble /usr/bin/cmake --build /home/bayram/projects/LeoDrive_ws/joystick_ros2/build/joy -- -j20 -l20
[0.050s] [35m[1mConsolidate compiler generated dependencies of target joy_enumerate_devices[0m
[0.050s] [35m[1mConsolidate compiler generated dependencies of target joy[0m
[0.051s] [35m[1mConsolidate compiler generated dependencies of target joy_node[0m
[0.057s] [ 33%] Built target joy_enumerate_devices
[0.059s] [ 66%] Built target joy_node
[0.060s] [100%] Built target joy
[0.066s] Invoked command in '/home/bayram/projects/LeoDrive_ws/joystick_ros2/build/joy' returned '0': AMENT_PREFIX_PATH=/home/bayram/projects/LeoDrive_ws/joystick_ros2/install/sdl2_vendor:${AMENT_PREFIX_PATH} CMAKE_PREFIX_PATH=/home/bayram/projects/LeoDrive_ws/joystick_ros2/install/sdl2_vendor:/opt/ros/humble /usr/bin/cmake --build /home/bayram/projects/LeoDrive_ws/joystick_ros2/build/joy -- -j20 -l20
[0.083s] Invoking command in '/home/bayram/projects/LeoDrive_ws/joystick_ros2/build/joy': AMENT_PREFIX_PATH=/home/bayram/projects/LeoDrive_ws/joystick_ros2/install/sdl2_vendor:${AMENT_PREFIX_PATH} CMAKE_PREFIX_PATH=/home/bayram/projects/LeoDrive_ws/joystick_ros2/install/sdl2_vendor:/opt/ros/humble /usr/bin/cmake --install /home/bayram/projects/LeoDrive_ws/joystick_ros2/build/joy
[0.086s] -- Install configuration: ""
[0.087s] -- Up-to-date: /home/bayram/projects/LeoDrive_ws/joystick_ros2/install/joy/lib/libjoy.so
[0.087s] -- Up-to-date: /home/bayram/projects/LeoDrive_ws/joystick_ros2/install/joy/lib/joy/joy_node
[0.087s] -- Up-to-date: /home/bayram/projects/LeoDrive_ws/joystick_ros2/install/joy/lib/joy/joy_enumerate_devices
[0.088s] -- Up-to-date: /home/bayram/projects/LeoDrive_ws/joystick_ros2/install/joy/include/joy
[0.088s] -- Up-to-date: /home/bayram/projects/LeoDrive_ws/joystick_ros2/install/joy/include/joy/joy
[0.088s] -- Up-to-date: /home/bayram/projects/LeoDrive_ws/joystick_ros2/install/joy/include/joy/joy/joy.hpp
[0.088s] -- Up-to-date: /home/bayram/projects/LeoDrive_ws/joystick_ros2/install/joy/share/joy/config
[0.088s] -- Up-to-date: /home/bayram/projects/LeoDrive_ws/joystick_ros2/install/joy/share/joy/config/joy-params.yaml
[0.088s] -- Up-to-date: /home/bayram/projects/LeoDrive_ws/joystick_ros2/install/joy/share/joy/launch
[0.088s] -- Up-to-date: /home/bayram/projects/LeoDrive_ws/joystick_ros2/install/joy/share/joy/launch/joy-launch.py
[0.088s] -- Up-to-date: /home/bayram/projects/LeoDrive_ws/joystick_ros2/install/joy/share/joy/launch/joy-composed-launch.py
[0.088s] -- Up-to-date: /home/bayram/projects/LeoDrive_ws/joystick_ros2/install/joy/share/ament_index/resource_index/package_run_dependencies/joy
[0.088s] -- Up-to-date: /home/bayram/projects/LeoDrive_ws/joystick_ros2/install/joy/share/ament_index/resource_index/parent_prefix_path/joy
[0.088s] -- Up-to-date: /home/bayram/projects/LeoDrive_ws/joystick_ros2/install/joy/share/joy/environment/ament_prefix_path.sh
[0.089s] -- Up-to-date: /home/bayram/projects/LeoDrive_ws/joystick_ros2/install/joy/share/joy/environment/ament_prefix_path.dsv
[0.089s] -- Up-to-date: /home/bayram/projects/LeoDrive_ws/joystick_ros2/install/joy/share/joy/environment/path.sh
[0.089s] -- Up-to-date: /home/bayram/projects/LeoDrive_ws/joystick_ros2/install/joy/share/joy/environment/path.dsv
[0.089s] -- Up-to-date: /home/bayram/projects/LeoDrive_ws/joystick_ros2/install/joy/share/joy/local_setup.bash
[0.089s] -- Up-to-date: /home/bayram/projects/LeoDrive_ws/joystick_ros2/install/joy/share/joy/local_setup.sh
[0.089s] -- Up-to-date: /home/bayram/projects/LeoDrive_ws/joystick_ros2/install/joy/share/joy/local_setup.zsh
[0.089s] -- Up-to-date: /home/bayram/projects/LeoDrive_ws/joystick_ros2/install/joy/share/joy/local_setup.dsv
[0.089s] -- Installing: /home/bayram/projects/LeoDrive_ws/joystick_ros2/install/joy/share/joy/package.dsv
[0.089s] -- Up-to-date: /home/bayram/projects/LeoDrive_ws/joystick_ros2/install/joy/share/ament_index/resource_index/packages/joy
[0.089s] -- Up-to-date: /home/bayram/projects/LeoDrive_ws/joystick_ros2/install/joy/share/ament_index/resource_index/rclcpp_components/joy
[0.089s] -- Up-to-date: /home/bayram/projects/LeoDrive_ws/joystick_ros2/install/joy/share/joy/cmake/export_joyExport.cmake
[0.089s] -- Up-to-date: /home/bayram/projects/LeoDrive_ws/joystick_ros2/install/joy/share/joy/cmake/export_joyExport-noconfig.cmake
[0.089s] -- Up-to-date: /home/bayram/projects/LeoDrive_ws/joystick_ros2/install/joy/share/joy/cmake/ament_cmake_export_targets-extras.cmake
[0.090s] -- Up-to-date: /home/bayram/projects/LeoDrive_ws/joystick_ros2/install/joy/share/joy/cmake/ament_cmake_export_dependencies-extras.cmake
[0.090s] -- Up-to-date: /home/bayram/projects/LeoDrive_ws/joystick_ros2/install/joy/share/joy/cmake/joyConfig.cmake
[0.090s] -- Up-to-date: /home/bayram/projects/LeoDrive_ws/joystick_ros2/install/joy/share/joy/cmake/joyConfig-version.cmake
[0.090s] -- Up-to-date: /home/bayram/projects/LeoDrive_ws/joystick_ros2/install/joy/share/joy/package.xml
[0.092s] Invoked command in '/home/bayram/projects/LeoDrive_ws/joystick_ros2/build/joy' returned '0': AMENT_PREFIX_PATH=/home/bayram/projects/LeoDrive_ws/joystick_ros2/install/sdl2_vendor:${AMENT_PREFIX_PATH} CMAKE_PREFIX_PATH=/home/bayram/projects/LeoDrive_ws/joystick_ros2/install/sdl2_vendor:/opt/ros/humble /usr/bin/cmake --install /home/bayram/projects/LeoDrive_ws/joystick_ros2/build/joy
