[0.007s] Invoking command in '/home/bayram/projects/LeoDrive_ws/ros2socketcan/build/ros2_socketcan': CMAKE_PREFIX_PATH=/opt/ros/humble /usr/bin/cmake /home/bayram/projects/LeoDrive_ws/ros2socketcan/src/ros2_socketcan/ros2_socketcan -DCMAKE_INSTALL_PREFIX=/home/bayram/projects/LeoDrive_ws/ros2socketcan/install/ros2_socketcan
[0.037s] -- The C compiler identification is GNU 11.3.0
[0.068s] -- The CXX compiler identification is GNU 11.3.0
[0.071s] -- Detecting C compiler ABI info
[0.106s] -- Detecting C compiler ABI info - done
[0.111s] -- Check for working C compiler: /usr/bin/cc - skipped
[0.111s] -- Detecting C compile features
[0.111s] -- Detecting C compile features - done
[0.113s] -- Detecting CXX compiler ABI info
[0.157s] -- Detecting CXX compiler ABI info - done
[0.161s] -- Check for working CXX compiler: /usr/bin/c++ - skipped
[0.161s] -- Detecting CXX compile features
[0.161s] -- Detecting CXX compile features - done
[0.162s] -- Found ament_cmake_auto: 1.3.2 (/opt/ros/humble/share/ament_cmake_auto/cmake)
[0.252s] -- Found Python3: /usr/bin/python3.10 (found version "3.10.6") found components: Interpreter 
[0.350s] -- Found rosidl_generator_c: 3.1.3 (/opt/ros/humble/share/rosidl_generator_c/cmake)
[0.352s] -- Found rosidl_adapter: 3.1.3 (/opt/ros/humble/share/rosidl_adapter/cmake)
[0.356s] -- Found rosidl_generator_cpp: 3.1.3 (/opt/ros/humble/share/rosidl_generator_cpp/cmake)
[0.364s] -- Using all available rosidl_typesupport_c: rosidl_typesupport_fastrtps_c;rosidl_typesupport_introspection_c
[0.375s] -- Using all available rosidl_typesupport_cpp: rosidl_typesupport_fastrtps_cpp;rosidl_typesupport_introspection_cpp
[0.413s] -- Found rmw_implementation_cmake: 6.1.0 (/opt/ros/humble/share/rmw_implementation_cmake/cmake)
[0.414s] -- Found rmw_fastrtps_cpp: 6.2.1 (/opt/ros/humble/share/rmw_fastrtps_cpp/cmake)
[0.462s] -- Found OpenSSL: /usr/lib/x86_64-linux-gnu/libcrypto.so (found version "3.0.2")  
[0.477s] -- Found FastRTPS: /opt/ros/humble/include  
[0.501s] -- Using RMW implementation 'rmw_fastrtps_cpp' as default
[0.688s] -- Found ament_lint_auto: 0.12.4 (/opt/ros/humble/share/ament_lint_auto/cmake)
[0.696s] -- Found gtest sources under '/opt/ros/humble/src/gtest_vendor': C++ tests using 'Google Test' will be built
[0.697s] -- Looking for pthread.h
[0.735s] -- Looking for pthread.h - found
[0.735s] -- Performing Test CMAKE_HAVE_LIBC_PTHREAD
[0.776s] -- Performing Test CMAKE_HAVE_LIBC_PTHREAD - Success
[0.776s] -- Found Threads: TRUE  
[0.779s] -- Added test 'copyright' to check source files copyright and LICENSE
[0.785s] -- Added test 'cppcheck' to perform static code analysis on C / C++ code
[0.785s] -- Configured cppcheck include dirs: /home/bayram/projects/LeoDrive_ws/ros2socketcan/src/ros2_socketcan/ros2_socketcan/include
[0.785s] -- Configured cppcheck exclude dirs and/or files: 
[0.791s] -- Added test 'cpplint' to check C / C++ code against the Google style
[0.791s] -- Configured cpplint exclude dirs and/or files: 
[0.792s] -- Added test 'flake8' to check Python code syntax and style conventions
[0.793s] -- Added test 'lint_cmake' to check CMake code style
[0.794s] -- Added test 'pep257' to check Python code against some of the docstring style conventions in PEP 257
[0.800s] -- Added test 'uncrustify' to check C / C++ code style
[0.801s] -- Configured uncrustify additional arguments: 
[0.802s] -- Added test 'xmllint' to check XML markup files
[0.803s] -- Configuring done
[0.819s] -- Generating done
[0.820s] -- Build files have been written to: /home/bayram/projects/LeoDrive_ws/ros2socketcan/build/ros2_socketcan
[0.827s] Invoked command in '/home/bayram/projects/LeoDrive_ws/ros2socketcan/build/ros2_socketcan' returned '0': CMAKE_PREFIX_PATH=/opt/ros/humble /usr/bin/cmake /home/bayram/projects/LeoDrive_ws/ros2socketcan/src/ros2_socketcan/ros2_socketcan -DCMAKE_INSTALL_PREFIX=/home/bayram/projects/LeoDrive_ws/ros2socketcan/install/ros2_socketcan
[0.827s] Invoking command in '/home/bayram/projects/LeoDrive_ws/ros2socketcan/build/ros2_socketcan': CMAKE_PREFIX_PATH=/opt/ros/humble /usr/bin/cmake --build /home/bayram/projects/LeoDrive_ws/ros2socketcan/build/ros2_socketcan -- -j20 -l20
[0.852s] [  4%] [32mBuilding CXX object CMakeFiles/socket_can_receiver_node_exe.dir/rclcpp_components/node_main_socket_can_receiver_node_exe.cpp.o[0m
[0.853s] [  9%] [32mBuilding CXX object CMakeFiles/ros2_socketcan.dir/src/socket_can_common.cpp.o[0m
[0.853s] [ 23%] [32mBuilding CXX object gtest/CMakeFiles/gtest_main.dir/src/gtest_main.cc.o[0m
[0.853s] [ 23%] [32mBuilding CXX object CMakeFiles/ros2_socketcan.dir/src/socket_can_id.cpp.o[0m
[0.853s] [ 28%] [32mBuilding CXX object gtest/CMakeFiles/gtest.dir/src/gtest-all.cc.o[0m
[0.853s] [ 28%] [32mBuilding CXX object CMakeFiles/socket_can_sender_node_exe.dir/rclcpp_components/node_main_socket_can_sender_node_exe.cpp.o[0m
[0.855s] [ 33%] [32mBuilding CXX object CMakeFiles/ros2_socketcan.dir/src/socket_can_sender.cpp.o[0m
[0.856s] [ 38%] [32mBuilding CXX object CMakeFiles/ros2_socketcan.dir/src/socket_can_receiver.cpp.o[0m
[1.089s] [ 42%] [32m[1mLinking CXX shared library libros2_socketcan.so[0m
[1.160s] [ 42%] Built target ros2_socketcan
[1.172s] [ 47%] [32mBuilding CXX object CMakeFiles/socket_can_receiver_node.dir/src/socket_can_receiver_node.cpp.o[0m
[1.242s] [ 52%] [32m[1mLinking CXX static library libgtest_main.a[0m
[1.261s] [ 52%] Built target gtest_main
[2.711s] [ 57%] [32m[1mLinking CXX static library libgtest.a[0m
[2.745s] [ 57%] Built target gtest
[2.757s] [ 66%] [32mBuilding CXX object CMakeFiles/ros2_socketcan_test.dir/test/receiver.cpp.o[0m
[2.757s] [ 66%] [32mBuilding CXX object CMakeFiles/ros2_socketcan_test.dir/test/gtest_main.cpp.o[0m
[2.757s] [ 71%] [32mBuilding CXX object CMakeFiles/ros2_socketcan_test.dir/test/sanity_checks.cpp.o[0m
[2.794s] [ 76%] [32m[1mLinking CXX executable socket_can_sender_node_exe[0m
[2.815s] [ 80%] [32m[1mLinking CXX executable socket_can_receiver_node_exe[0m
[2.874s] [ 80%] Built target socket_can_sender_node_exe
[2.895s] [ 80%] Built target socket_can_receiver_node_exe
[3.496s] [ 85%] [32m[1mLinking CXX executable ros2_socketcan_test[0m
[3.601s] [ 85%] Built target ros2_socketcan_test
[3.921s] [ 90%] [32m[1mLinking CXX shared library libsocket_can_receiver_node.so[0m
[4.030s] [ 90%] Built target socket_can_receiver_node
[4.040s] [ 95%] [32mBuilding CXX object CMakeFiles/socket_can_sender_node.dir/src/socket_can_sender_node.cpp.o[0m
[8.689s] [100%] [32m[1mLinking CXX shared library libsocket_can_sender_node.so[0m
[8.933s] [100%] Built target socket_can_sender_node
[8.944s] Invoked command in '/home/bayram/projects/LeoDrive_ws/ros2socketcan/build/ros2_socketcan' returned '0': CMAKE_PREFIX_PATH=/opt/ros/humble /usr/bin/cmake --build /home/bayram/projects/LeoDrive_ws/ros2socketcan/build/ros2_socketcan -- -j20 -l20
[8.971s] Invoking command in '/home/bayram/projects/LeoDrive_ws/ros2socketcan/build/ros2_socketcan': CMAKE_PREFIX_PATH=/opt/ros/humble /usr/bin/cmake --install /home/bayram/projects/LeoDrive_ws/ros2socketcan/build/ros2_socketcan
[8.974s] -- Install configuration: ""
[8.974s] -- Installing: /home/bayram/projects/LeoDrive_ws/ros2socketcan/install/ros2_socketcan/lib/ros2_socketcan/socket_can_receiver_node_exe
[8.975s] -- Set runtime path of "/home/bayram/projects/LeoDrive_ws/ros2socketcan/install/ros2_socketcan/lib/ros2_socketcan/socket_can_receiver_node_exe" to ""
[8.975s] -- Installing: /home/bayram/projects/LeoDrive_ws/ros2socketcan/install/ros2_socketcan/lib/ros2_socketcan/socket_can_sender_node_exe
[8.975s] -- Set runtime path of "/home/bayram/projects/LeoDrive_ws/ros2socketcan/install/ros2_socketcan/lib/ros2_socketcan/socket_can_sender_node_exe" to ""
[8.975s] -- Installing: /home/bayram/projects/LeoDrive_ws/ros2socketcan/install/ros2_socketcan/include
[8.975s] -- Installing: /home/bayram/projects/LeoDrive_ws/ros2socketcan/install/ros2_socketcan/include/ros2_socketcan
[8.975s] -- Installing: /home/bayram/projects/LeoDrive_ws/ros2socketcan/install/ros2_socketcan/include/ros2_socketcan/socket_can_sender_node.hpp
[8.975s] -- Installing: /home/bayram/projects/LeoDrive_ws/ros2socketcan/install/ros2_socketcan/include/ros2_socketcan/socket_can_receiver.hpp
[8.975s] -- Installing: /home/bayram/projects/LeoDrive_ws/ros2socketcan/install/ros2_socketcan/include/ros2_socketcan/socket_can_receiver_node.hpp
[8.975s] -- Installing: /home/bayram/projects/LeoDrive_ws/ros2socketcan/install/ros2_socketcan/include/ros2_socketcan/socket_can_sender.hpp
[8.976s] -- Installing: /home/bayram/projects/LeoDrive_ws/ros2socketcan/install/ros2_socketcan/include/ros2_socketcan/visibility_control.hpp
[8.976s] -- Installing: /home/bayram/projects/LeoDrive_ws/ros2socketcan/install/ros2_socketcan/include/ros2_socketcan/socket_can_id.hpp
[8.976s] -- Installing: /home/bayram/projects/LeoDrive_ws/ros2socketcan/install/ros2_socketcan/include/ros2_socketcan/socket_can_common.hpp
[8.976s] -- Installing: /home/bayram/projects/LeoDrive_ws/ros2socketcan/install/ros2_socketcan/share/ros2_socketcan/environment/library_path.sh
[8.976s] -- Installing: /home/bayram/projects/LeoDrive_ws/ros2socketcan/install/ros2_socketcan/share/ros2_socketcan/environment/library_path.dsv
[8.976s] -- Installing: /home/bayram/projects/LeoDrive_ws/ros2socketcan/install/ros2_socketcan/lib/libros2_socketcan.so
[8.976s] -- Set runtime path of "/home/bayram/projects/LeoDrive_ws/ros2socketcan/install/ros2_socketcan/lib/libros2_socketcan.so" to ""
[8.976s] -- Installing: /home/bayram/projects/LeoDrive_ws/ros2socketcan/install/ros2_socketcan/lib/libsocket_can_receiver_node.so
[8.977s] -- Set runtime path of "/home/bayram/projects/LeoDrive_ws/ros2socketcan/install/ros2_socketcan/lib/libsocket_can_receiver_node.so" to ""
[8.977s] -- Installing: /home/bayram/projects/LeoDrive_ws/ros2socketcan/install/ros2_socketcan/lib/libsocket_can_sender_node.so
[8.980s] -- Set runtime path of "/home/bayram/projects/LeoDrive_ws/ros2socketcan/install/ros2_socketcan/lib/libsocket_can_sender_node.so" to ""
[8.980s] -- Installing: /home/bayram/projects/LeoDrive_ws/ros2socketcan/install/ros2_socketcan/share/ros2_socketcan/launch
[8.980s] -- Installing: /home/bayram/projects/LeoDrive_ws/ros2socketcan/install/ros2_socketcan/share/ros2_socketcan/launch/socket_can_receiver.launch.py
[8.980s] -- Installing: /home/bayram/projects/LeoDrive_ws/ros2socketcan/install/ros2_socketcan/share/ros2_socketcan/launch/socket_can_sender.launch.py
[8.980s] -- Installing: /home/bayram/projects/LeoDrive_ws/ros2socketcan/install/ros2_socketcan/share/ros2_socketcan/launch/socket_can_bridge.launch.xml
[8.980s] -- Installing: /home/bayram/projects/LeoDrive_ws/ros2socketcan/install/ros2_socketcan/share/ament_index/resource_index/package_run_dependencies/ros2_socketcan
[8.980s] -- Installing: /home/bayram/projects/LeoDrive_ws/ros2socketcan/install/ros2_socketcan/share/ament_index/resource_index/parent_prefix_path/ros2_socketcan
[8.980s] -- Installing: /home/bayram/projects/LeoDrive_ws/ros2socketcan/install/ros2_socketcan/share/ros2_socketcan/environment/ament_prefix_path.sh
[8.981s] -- Installing: /home/bayram/projects/LeoDrive_ws/ros2socketcan/install/ros2_socketcan/share/ros2_socketcan/environment/ament_prefix_path.dsv
[8.981s] -- Installing: /home/bayram/projects/LeoDrive_ws/ros2socketcan/install/ros2_socketcan/share/ros2_socketcan/environment/path.sh
[8.981s] -- Installing: /home/bayram/projects/LeoDrive_ws/ros2socketcan/install/ros2_socketcan/share/ros2_socketcan/environment/path.dsv
[8.981s] -- Installing: /home/bayram/projects/LeoDrive_ws/ros2socketcan/install/ros2_socketcan/share/ros2_socketcan/local_setup.bash
[8.981s] -- Installing: /home/bayram/projects/LeoDrive_ws/ros2socketcan/install/ros2_socketcan/share/ros2_socketcan/local_setup.sh
[8.981s] -- Installing: /home/bayram/projects/LeoDrive_ws/ros2socketcan/install/ros2_socketcan/share/ros2_socketcan/local_setup.zsh
[8.981s] -- Installing: /home/bayram/projects/LeoDrive_ws/ros2socketcan/install/ros2_socketcan/share/ros2_socketcan/local_setup.dsv
[8.981s] -- Installing: /home/bayram/projects/LeoDrive_ws/ros2socketcan/install/ros2_socketcan/share/ros2_socketcan/package.dsv
[8.981s] -- Installing: /home/bayram/projects/LeoDrive_ws/ros2socketcan/install/ros2_socketcan/share/ament_index/resource_index/packages/ros2_socketcan
[8.981s] -- Installing: /home/bayram/projects/LeoDrive_ws/ros2socketcan/install/ros2_socketcan/share/ament_index/resource_index/rclcpp_components/ros2_socketcan
[8.981s] -- Installing: /home/bayram/projects/LeoDrive_ws/ros2socketcan/install/ros2_socketcan/share/ros2_socketcan/cmake/ament_cmake_export_dependencies-extras.cmake
[8.981s] -- Installing: /home/bayram/projects/LeoDrive_ws/ros2socketcan/install/ros2_socketcan/share/ros2_socketcan/cmake/ament_cmake_export_include_directories-extras.cmake
[8.981s] -- Installing: /home/bayram/projects/LeoDrive_ws/ros2socketcan/install/ros2_socketcan/share/ros2_socketcan/cmake/ament_cmake_export_libraries-extras.cmake
[8.981s] -- Installing: /home/bayram/projects/LeoDrive_ws/ros2socketcan/install/ros2_socketcan/share/ros2_socketcan/cmake/ros2_socketcanConfig.cmake
[8.981s] -- Installing: /home/bayram/projects/LeoDrive_ws/ros2socketcan/install/ros2_socketcan/share/ros2_socketcan/cmake/ros2_socketcanConfig-version.cmake
[8.981s] -- Installing: /home/bayram/projects/LeoDrive_ws/ros2socketcan/install/ros2_socketcan/share/ros2_socketcan/package.xml
[8.982s] Invoked command in '/home/bayram/projects/LeoDrive_ws/ros2socketcan/build/ros2_socketcan' returned '0': CMAKE_PREFIX_PATH=/opt/ros/humble /usr/bin/cmake --install /home/bayram/projects/LeoDrive_ws/ros2socketcan/build/ros2_socketcan
