-- The C compiler identification is GNU 11.3.0
-- The CXX compiler identification is GNU 11.3.0
-- Detecting C compiler ABI info
-- Detecting C compiler ABI info - done
-- Check for working C compiler: /usr/bin/cc - skipped
-- Detecting C compile features
-- Detecting C compile features - done
-- Detecting CXX compiler ABI info
-- Detecting CXX compiler ABI info - done
-- Check for working CXX compiler: /usr/bin/c++ - skipped
-- Detecting CXX compile features
-- Detecting CXX compile features - done
-- Found ament_cmake_ros: 0.10.0 (/opt/ros/humble/share/ament_cmake_ros/cmake)
-- Found Python3: /usr/bin/python3.10 (found version "3.10.6") found components: Interpreter 
-- Found rclcpp: 16.0.1 (/opt/ros/humble/share/rclcpp/cmake)
-- Found rosidl_generator_c: 3.1.3 (/opt/ros/humble/share/rosidl_generator_c/cmake)
-- Found rosidl_adapter: 3.1.3 (/opt/ros/humble/share/rosidl_adapter/cmake)
-- Found rosidl_generator_cpp: 3.1.3 (/opt/ros/humble/share/rosidl_generator_cpp/cmake)
-- Using all available rosidl_typesupport_c: rosidl_typesupport_fastrtps_c;rosidl_typesupport_introspection_c
-- Using all available rosidl_typesupport_cpp: rosidl_typesupport_fastrtps_cpp;rosidl_typesupport_introspection_cpp
-- Found rmw_implementation_cmake: 6.1.0 (/opt/ros/humble/share/rmw_implementation_cmake/cmake)
-- Found rmw_fastrtps_cpp: 6.2.1 (/opt/ros/humble/share/rmw_fastrtps_cpp/cmake)
-- Found OpenSSL: /usr/lib/x86_64-linux-gnu/libcrypto.so (found version "3.0.2")  
-- Found FastRTPS: /opt/ros/humble/include  
-- Using RMW implementation 'rmw_fastrtps_cpp' as default
-- Found rclcpp_components: 16.0.1 (/opt/ros/humble/share/rclcpp_components/cmake)
-- Found sdl2_vendor: 3.1.0 (/home/bayram/projects/LeoDrive_ws/joystick_ros2/install/sdl2_vendor/share/sdl2_vendor/cmake)
-- Found sensor_msgs: 4.2.2 (/opt/ros/humble/share/sensor_msgs/cmake)
-- Found ament_lint_auto: 0.12.4 (/opt/ros/humble/share/ament_lint_auto/cmake)
-- Added test 'cppcheck' to perform static code analysis on C / C++ code
-- Configured cppcheck include dirs: $<BUILD_INTERFACE:/home/bayram/projects/LeoDrive_ws/joystick_ros2/src/joystick_drivers/joy/include>
-- Configured cppcheck exclude dirs and/or files: 
-- Added test 'cpplint' to check C / C++ code against the Google style
-- Configured cpplint exclude dirs and/or files: 
-- Added test 'flake8' to check Python code syntax and style conventions
-- Added test 'lint_cmake' to check CMake code style
-- Added test 'pep257' to check Python code against some of the docstring style conventions in PEP 257
-- Added test 'uncrustify' to check C / C++ code style
-- Configured uncrustify additional arguments: 
-- Added test 'xmllint' to check XML markup files
-- Configuring done
-- Generating done
-- Build files have been written to: /home/bayram/projects/LeoDrive_ws/joystick_ros2/build/joy
[ 50%] [32mBuilding CXX object CMakeFiles/joy_enumerate_devices.dir/src/joy_enumerate_devices.cpp.o[0m
[ 50%] [32mBuilding CXX object CMakeFiles/joy.dir/src/joy.cpp.o[0m
[ 50%] [32mBuilding CXX object CMakeFiles/joy_node.dir/rclcpp_components/node_main_joy_node.cpp.o[0m
[ 66%] [32m[1mLinking CXX executable joy_enumerate_devices[0m
[ 66%] Built target joy_enumerate_devices
[ 83%] [32m[1mLinking CXX executable joy_node[0m
[ 83%] Built target joy_node
[100%] [32m[1mLinking CXX shared library libjoy.so[0m
[100%] Built target joy
-- Install configuration: ""
-- Installing: /home/bayram/projects/LeoDrive_ws/joystick_ros2/install/joy/lib/libjoy.so
-- Set runtime path of "/home/bayram/projects/LeoDrive_ws/joystick_ros2/install/joy/lib/libjoy.so" to ""
-- Installing: /home/bayram/projects/LeoDrive_ws/joystick_ros2/install/joy/lib/joy/joy_node
-- Set runtime path of "/home/bayram/projects/LeoDrive_ws/joystick_ros2/install/joy/lib/joy/joy_node" to ""
-- Installing: /home/bayram/projects/LeoDrive_ws/joystick_ros2/install/joy/lib/joy/joy_enumerate_devices
-- Installing: /home/bayram/projects/LeoDrive_ws/joystick_ros2/install/joy/include/joy
-- Installing: /home/bayram/projects/LeoDrive_ws/joystick_ros2/install/joy/include/joy/joy
-- Installing: /home/bayram/projects/LeoDrive_ws/joystick_ros2/install/joy/include/joy/joy/joy.hpp
-- Installing: /home/bayram/projects/LeoDrive_ws/joystick_ros2/install/joy/share/joy/config
-- Installing: /home/bayram/projects/LeoDrive_ws/joystick_ros2/install/joy/share/joy/config/joy-params.yaml
-- Installing: /home/bayram/projects/LeoDrive_ws/joystick_ros2/install/joy/share/joy/launch
-- Installing: /home/bayram/projects/LeoDrive_ws/joystick_ros2/install/joy/share/joy/launch/joy-launch.py
-- Installing: /home/bayram/projects/LeoDrive_ws/joystick_ros2/install/joy/share/joy/launch/joy-composed-launch.py
-- Installing: /home/bayram/projects/LeoDrive_ws/joystick_ros2/install/joy/share/ament_index/resource_index/package_run_dependencies/joy
-- Installing: /home/bayram/projects/LeoDrive_ws/joystick_ros2/install/joy/share/ament_index/resource_index/parent_prefix_path/joy
-- Installing: /home/bayram/projects/LeoDrive_ws/joystick_ros2/install/joy/share/joy/environment/ament_prefix_path.sh
-- Installing: /home/bayram/projects/LeoDrive_ws/joystick_ros2/install/joy/share/joy/environment/ament_prefix_path.dsv
-- Installing: /home/bayram/projects/LeoDrive_ws/joystick_ros2/install/joy/share/joy/environment/path.sh
-- Installing: /home/bayram/projects/LeoDrive_ws/joystick_ros2/install/joy/share/joy/environment/path.dsv
-- Installing: /home/bayram/projects/LeoDrive_ws/joystick_ros2/install/joy/share/joy/local_setup.bash
-- Installing: /home/bayram/projects/LeoDrive_ws/joystick_ros2/install/joy/share/joy/local_setup.sh
-- Installing: /home/bayram/projects/LeoDrive_ws/joystick_ros2/install/joy/share/joy/local_setup.zsh
-- Installing: /home/bayram/projects/LeoDrive_ws/joystick_ros2/install/joy/share/joy/local_setup.dsv
-- Installing: /home/bayram/projects/LeoDrive_ws/joystick_ros2/install/joy/share/joy/package.dsv
-- Installing: /home/bayram/projects/LeoDrive_ws/joystick_ros2/install/joy/share/ament_index/resource_index/packages/joy
-- Installing: /home/bayram/projects/LeoDrive_ws/joystick_ros2/install/joy/share/ament_index/resource_index/rclcpp_components/joy
-- Installing: /home/bayram/projects/LeoDrive_ws/joystick_ros2/install/joy/share/joy/cmake/export_joyExport.cmake
-- Installing: /home/bayram/projects/LeoDrive_ws/joystick_ros2/install/joy/share/joy/cmake/export_joyExport-noconfig.cmake
-- Installing: /home/bayram/projects/LeoDrive_ws/joystick_ros2/install/joy/share/joy/cmake/ament_cmake_export_targets-extras.cmake
-- Installing: /home/bayram/projects/LeoDrive_ws/joystick_ros2/install/joy/share/joy/cmake/ament_cmake_export_dependencies-extras.cmake
-- Installing: /home/bayram/projects/LeoDrive_ws/joystick_ros2/install/joy/share/joy/cmake/joyConfig.cmake
-- Installing: /home/bayram/projects/LeoDrive_ws/joystick_ros2/install/joy/share/joy/cmake/joyConfig-version.cmake
-- Installing: /home/bayram/projects/LeoDrive_ws/joystick_ros2/install/joy/share/joy/package.xml
