[0.004s] Invoking command in '/home/bayram/projects/LeoDrive_ws/joystick_ros2/build/joy': AMENT_PREFIX_PATH=/home/bayram/projects/LeoDrive_ws/joystick_ros2/install/sdl2_vendor:${AMENT_PREFIX_PATH} CMAKE_PREFIX_PATH=/home/bayram/projects/LeoDrive_ws/joystick_ros2/install/sdl2_vendor:/opt/ros/humble /usr/bin/cmake /home/bayram/projects/LeoDrive_ws/joystick_ros2/src/joystick_drivers/joy -DCMAKE_INSTALL_PREFIX=/home/bayram/projects/LeoDrive_ws/joystick_ros2/install/joy
[0.035s] -- The C compiler identification is GNU 11.3.0
[0.068s] -- The CXX compiler identification is GNU 11.3.0
[0.073s] -- Detecting C compiler ABI info
[0.113s] -- Detecting C compiler ABI info - done
[0.118s] -- Check for working C compiler: /usr/bin/cc - skipped
[0.118s] -- Detecting C compile features
[0.119s] -- Detecting C compile features - done
[0.121s] -- Detecting CXX compiler ABI info
[0.166s] -- Detecting CXX compiler ABI info - done
[0.171s] -- Check for working CXX compiler: /usr/bin/c++ - skipped
[0.171s] -- Detecting CXX compile features
[0.172s] -- Detecting CXX compile features - done
[0.173s] -- Found ament_cmake_ros: 0.10.0 (/opt/ros/humble/share/ament_cmake_ros/cmake)
[0.285s] -- Found Python3: /usr/bin/python3.10 (found version "3.10.6") found components: Interpreter 
[0.335s] -- Found rclcpp: 16.0.1 (/opt/ros/humble/share/rclcpp/cmake)
[0.364s] -- Found rosidl_generator_c: 3.1.3 (/opt/ros/humble/share/rosidl_generator_c/cmake)
[0.367s] -- Found rosidl_adapter: 3.1.3 (/opt/ros/humble/share/rosidl_adapter/cmake)
[0.372s] -- Found rosidl_generator_cpp: 3.1.3 (/opt/ros/humble/share/rosidl_generator_cpp/cmake)
[0.380s] -- Using all available rosidl_typesupport_c: rosidl_typesupport_fastrtps_c;rosidl_typesupport_introspection_c
[0.392s] -- Using all available rosidl_typesupport_cpp: rosidl_typesupport_fastrtps_cpp;rosidl_typesupport_introspection_cpp
[0.437s] -- Found rmw_implementation_cmake: 6.1.0 (/opt/ros/humble/share/rmw_implementation_cmake/cmake)
[0.439s] -- Found rmw_fastrtps_cpp: 6.2.1 (/opt/ros/humble/share/rmw_fastrtps_cpp/cmake)
[0.496s] -- Found OpenSSL: /usr/lib/x86_64-linux-gnu/libcrypto.so (found version "3.0.2")  
[0.513s] -- Found FastRTPS: /opt/ros/humble/include  
[0.544s] -- Using RMW implementation 'rmw_fastrtps_cpp' as default
[0.657s] -- Found rclcpp_components: 16.0.1 (/opt/ros/humble/share/rclcpp_components/cmake)
[0.703s] -- Found sdl2_vendor: 3.1.0 (/home/bayram/projects/LeoDrive_ws/joystick_ros2/install/sdl2_vendor/share/sdl2_vendor/cmake)
[0.705s] -- Found sensor_msgs: 4.2.2 (/opt/ros/humble/share/sensor_msgs/cmake)
[0.798s] -- Found ament_lint_auto: 0.12.4 (/opt/ros/humble/share/ament_lint_auto/cmake)
[0.856s] -- Added test 'cppcheck' to perform static code analysis on C / C++ code
[0.856s] -- Configured cppcheck include dirs: $<BUILD_INTERFACE:/home/bayram/projects/LeoDrive_ws/joystick_ros2/src/joystick_drivers/joy/include>
[0.856s] -- Configured cppcheck exclude dirs and/or files: 
[0.857s] -- Added test 'cpplint' to check C / C++ code against the Google style
[0.857s] -- Configured cpplint exclude dirs and/or files: 
[0.858s] -- Added test 'flake8' to check Python code syntax and style conventions
[0.858s] -- Added test 'lint_cmake' to check CMake code style
[0.859s] -- Added test 'pep257' to check Python code against some of the docstring style conventions in PEP 257
[0.860s] -- Added test 'uncrustify' to check C / C++ code style
[0.860s] -- Configured uncrustify additional arguments: 
[0.860s] -- Added test 'xmllint' to check XML markup files
[0.861s] -- Configuring done
[0.875s] -- Generating done
[0.877s] -- Build files have been written to: /home/bayram/projects/LeoDrive_ws/joystick_ros2/build/joy
[0.887s] Invoked command in '/home/bayram/projects/LeoDrive_ws/joystick_ros2/build/joy' returned '0': AMENT_PREFIX_PATH=/home/bayram/projects/LeoDrive_ws/joystick_ros2/install/sdl2_vendor:${AMENT_PREFIX_PATH} CMAKE_PREFIX_PATH=/home/bayram/projects/LeoDrive_ws/joystick_ros2/install/sdl2_vendor:/opt/ros/humble /usr/bin/cmake /home/bayram/projects/LeoDrive_ws/joystick_ros2/src/joystick_drivers/joy -DCMAKE_INSTALL_PREFIX=/home/bayram/projects/LeoDrive_ws/joystick_ros2/install/joy
[0.887s] Invoking command in '/home/bayram/projects/LeoDrive_ws/joystick_ros2/build/joy': AMENT_PREFIX_PATH=/home/bayram/projects/LeoDrive_ws/joystick_ros2/install/sdl2_vendor:${AMENT_PREFIX_PATH} CMAKE_PREFIX_PATH=/home/bayram/projects/LeoDrive_ws/joystick_ros2/install/sdl2_vendor:/opt/ros/humble /usr/bin/cmake --build /home/bayram/projects/LeoDrive_ws/joystick_ros2/build/joy -- -j20 -l20
[0.929s] [ 50%] [32mBuilding CXX object CMakeFiles/joy_enumerate_devices.dir/src/joy_enumerate_devices.cpp.o[0m
[0.929s] [ 50%] [32mBuilding CXX object CMakeFiles/joy.dir/src/joy.cpp.o[0m
[0.929s] [ 50%] [32mBuilding CXX object CMakeFiles/joy_node.dir/rclcpp_components/node_main_joy_node.cpp.o[0m
[1.260s] [ 66%] [32m[1mLinking CXX executable joy_enumerate_devices[0m
[1.349s] [ 66%] Built target joy_enumerate_devices
[3.781s] [ 83%] [32m[1mLinking CXX executable joy_node[0m
[3.864s] [ 83%] Built target joy_node
[9.183s] [100%] [32m[1mLinking CXX shared library libjoy.so[0m
[9.752s] [100%] Built target joy
[9.768s] Invoked command in '/home/bayram/projects/LeoDrive_ws/joystick_ros2/build/joy' returned '0': AMENT_PREFIX_PATH=/home/bayram/projects/LeoDrive_ws/joystick_ros2/install/sdl2_vendor:${AMENT_PREFIX_PATH} CMAKE_PREFIX_PATH=/home/bayram/projects/LeoDrive_ws/joystick_ros2/install/sdl2_vendor:/opt/ros/humble /usr/bin/cmake --build /home/bayram/projects/LeoDrive_ws/joystick_ros2/build/joy -- -j20 -l20
[9.797s] Invoking command in '/home/bayram/projects/LeoDrive_ws/joystick_ros2/build/joy': AMENT_PREFIX_PATH=/home/bayram/projects/LeoDrive_ws/joystick_ros2/install/sdl2_vendor:${AMENT_PREFIX_PATH} CMAKE_PREFIX_PATH=/home/bayram/projects/LeoDrive_ws/joystick_ros2/install/sdl2_vendor:/opt/ros/humble /usr/bin/cmake --install /home/bayram/projects/LeoDrive_ws/joystick_ros2/build/joy
[9.803s] -- Install configuration: ""
[9.804s] -- Installing: /home/bayram/projects/LeoDrive_ws/joystick_ros2/install/joy/lib/libjoy.so
[9.811s] -- Set runtime path of "/home/bayram/projects/LeoDrive_ws/joystick_ros2/install/joy/lib/libjoy.so" to ""
[9.812s] -- Installing: /home/bayram/projects/LeoDrive_ws/joystick_ros2/install/joy/lib/joy/joy_node
[9.814s] -- Set runtime path of "/home/bayram/projects/LeoDrive_ws/joystick_ros2/install/joy/lib/joy/joy_node" to ""
[9.814s] -- Installing: /home/bayram/projects/LeoDrive_ws/joystick_ros2/install/joy/lib/joy/joy_enumerate_devices
[9.814s] -- Installing: /home/bayram/projects/LeoDrive_ws/joystick_ros2/install/joy/include/joy
[9.814s] -- Installing: /home/bayram/projects/LeoDrive_ws/joystick_ros2/install/joy/include/joy/joy
[9.816s] -- Installing: /home/bayram/projects/LeoDrive_ws/joystick_ros2/install/joy/include/joy/joy/joy.hpp
[9.820s] -- Installing: /home/bayram/projects/LeoDrive_ws/joystick_ros2/install/joy/share/joy/config
[9.821s] -- Installing: /home/bayram/projects/LeoDrive_ws/joystick_ros2/install/joy/share/joy/config/joy-params.yaml
[9.822s] -- Installing: /home/bayram/projects/LeoDrive_ws/joystick_ros2/install/joy/share/joy/launch
[9.823s] -- Installing: /home/bayram/projects/LeoDrive_ws/joystick_ros2/install/joy/share/joy/launch/joy-launch.py
[9.824s] -- Installing: /home/bayram/projects/LeoDrive_ws/joystick_ros2/install/joy/share/joy/launch/joy-composed-launch.py
[9.826s] -- Installing: /home/bayram/projects/LeoDrive_ws/joystick_ros2/install/joy/share/ament_index/resource_index/package_run_dependencies/joy
[9.827s] -- Installing: /home/bayram/projects/LeoDrive_ws/joystick_ros2/install/joy/share/ament_index/resource_index/parent_prefix_path/joy
[9.827s] -- Installing: /home/bayram/projects/LeoDrive_ws/joystick_ros2/install/joy/share/joy/environment/ament_prefix_path.sh
[9.827s] -- Installing: /home/bayram/projects/LeoDrive_ws/joystick_ros2/install/joy/share/joy/environment/ament_prefix_path.dsv
[9.827s] -- Installing: /home/bayram/projects/LeoDrive_ws/joystick_ros2/install/joy/share/joy/environment/path.sh
[9.827s] -- Installing: /home/bayram/projects/LeoDrive_ws/joystick_ros2/install/joy/share/joy/environment/path.dsv
[9.827s] -- Installing: /home/bayram/projects/LeoDrive_ws/joystick_ros2/install/joy/share/joy/local_setup.bash
[9.827s] -- Installing: /home/bayram/projects/LeoDrive_ws/joystick_ros2/install/joy/share/joy/local_setup.sh
[9.827s] -- Installing: /home/bayram/projects/LeoDrive_ws/joystick_ros2/install/joy/share/joy/local_setup.zsh
[9.827s] -- Installing: /home/bayram/projects/LeoDrive_ws/joystick_ros2/install/joy/share/joy/local_setup.dsv
[9.827s] -- Installing: /home/bayram/projects/LeoDrive_ws/joystick_ros2/install/joy/share/joy/package.dsv
[9.828s] -- Installing: /home/bayram/projects/LeoDrive_ws/joystick_ros2/install/joy/share/ament_index/resource_index/packages/joy
[9.828s] -- Installing: /home/bayram/projects/LeoDrive_ws/joystick_ros2/install/joy/share/ament_index/resource_index/rclcpp_components/joy
[9.828s] -- Installing: /home/bayram/projects/LeoDrive_ws/joystick_ros2/install/joy/share/joy/cmake/export_joyExport.cmake
[9.828s] -- Installing: /home/bayram/projects/LeoDrive_ws/joystick_ros2/install/joy/share/joy/cmake/export_joyExport-noconfig.cmake
[9.828s] -- Installing: /home/bayram/projects/LeoDrive_ws/joystick_ros2/install/joy/share/joy/cmake/ament_cmake_export_targets-extras.cmake
[9.828s] -- Installing: /home/bayram/projects/LeoDrive_ws/joystick_ros2/install/joy/share/joy/cmake/ament_cmake_export_dependencies-extras.cmake
[9.828s] -- Installing: /home/bayram/projects/LeoDrive_ws/joystick_ros2/install/joy/share/joy/cmake/joyConfig.cmake
[9.828s] -- Installing: /home/bayram/projects/LeoDrive_ws/joystick_ros2/install/joy/share/joy/cmake/joyConfig-version.cmake
[9.828s] -- Installing: /home/bayram/projects/LeoDrive_ws/joystick_ros2/install/joy/share/joy/package.xml
[9.828s] Invoked command in '/home/bayram/projects/LeoDrive_ws/joystick_ros2/build/joy' returned '0': AMENT_PREFIX_PATH=/home/bayram/projects/LeoDrive_ws/joystick_ros2/install/sdl2_vendor:${AMENT_PREFIX_PATH} CMAKE_PREFIX_PATH=/home/bayram/projects/LeoDrive_ws/joystick_ros2/install/sdl2_vendor:/opt/ros/humble /usr/bin/cmake --install /home/bayram/projects/LeoDrive_ws/joystick_ros2/build/joy
