[0.014s] Invoking command in '/home/bayram/projects/LeoDrive_ws/joystick_ros2/build/spacenav': CMAKE_PREFIX_PATH=/opt/ros/humble /usr/bin/cmake --build /home/bayram/projects/LeoDrive_ws/joystick_ros2/build/spacenav -- -j20 -l20
[0.044s] [35m[1mConsolidate compiler generated dependencies of target spacenav[0m
[0.045s] [35m[1mConsolidate compiler generated dependencies of target spacenav_node[0m
[0.065s] [ 50%] Built target spacenav_node
[0.065s] [100%] Built target spacenav
[0.074s] Invoked command in '/home/bayram/projects/LeoDrive_ws/joystick_ros2/build/spacenav' returned '0': CMAKE_PREFIX_PATH=/opt/ros/humble /usr/bin/cmake --build /home/bayram/projects/LeoDrive_ws/joystick_ros2/build/spacenav -- -j20 -l20
[0.095s] Invoking command in '/home/bayram/projects/LeoDrive_ws/joystick_ros2/build/spacenav': CMAKE_PREFIX_PATH=/opt/ros/humble /usr/bin/cmake --install /home/bayram/projects/LeoDrive_ws/joystick_ros2/build/spacenav
[0.098s] -- Install configuration: ""
[0.099s] -- Up-to-date: /home/bayram/projects/LeoDrive_ws/joystick_ros2/install/spacenav/lib/libspacenav.so
[0.099s] -- Up-to-date: /home/bayram/projects/LeoDrive_ws/joystick_ros2/install/spacenav/lib/spacenav/spacenav_node
[0.099s] -- Up-to-date: /home/bayram/projects/LeoDrive_ws/joystick_ros2/install/spacenav/include/spacenav
[0.099s] -- Up-to-date: /home/bayram/projects/LeoDrive_ws/joystick_ros2/install/spacenav/include/spacenav/spacenav
[0.100s] -- Up-to-date: /home/bayram/projects/LeoDrive_ws/joystick_ros2/install/spacenav/include/spacenav/spacenav/spacenav.hpp
[0.100s] -- Up-to-date: /home/bayram/projects/LeoDrive_ws/joystick_ros2/install/spacenav/share/spacenav//launch
[0.100s] -- Up-to-date: /home/bayram/projects/LeoDrive_ws/joystick_ros2/install/spacenav/share/spacenav//launch/static_deadband-launch.py
[0.100s] -- Up-to-date: /home/bayram/projects/LeoDrive_ws/joystick_ros2/install/spacenav/share/spacenav//launch/no_deadband-launch.py
[0.100s] -- Up-to-date: /home/bayram/projects/LeoDrive_ws/joystick_ros2/install/spacenav/share/spacenav//launch/classic-launch.py
[0.101s] -- Up-to-date: /home/bayram/projects/LeoDrive_ws/joystick_ros2/install/spacenav/lib/libspacenav.so
[0.101s] -- Up-to-date: /home/bayram/projects/LeoDrive_ws/joystick_ros2/install/spacenav/share/ament_index/resource_index/package_run_dependencies/spacenav
[0.101s] -- Up-to-date: /home/bayram/projects/LeoDrive_ws/joystick_ros2/install/spacenav/share/ament_index/resource_index/parent_prefix_path/spacenav
[0.101s] -- Up-to-date: /home/bayram/projects/LeoDrive_ws/joystick_ros2/install/spacenav/share/spacenav/environment/ament_prefix_path.sh
[0.101s] -- Up-to-date: /home/bayram/projects/LeoDrive_ws/joystick_ros2/install/spacenav/share/spacenav/environment/ament_prefix_path.dsv
[0.101s] -- Up-to-date: /home/bayram/projects/LeoDrive_ws/joystick_ros2/install/spacenav/share/spacenav/environment/path.sh
[0.101s] -- Up-to-date: /home/bayram/projects/LeoDrive_ws/joystick_ros2/install/spacenav/share/spacenav/environment/path.dsv
[0.101s] -- Up-to-date: /home/bayram/projects/LeoDrive_ws/joystick_ros2/install/spacenav/share/spacenav/local_setup.bash
[0.101s] -- Up-to-date: /home/bayram/projects/LeoDrive_ws/joystick_ros2/install/spacenav/share/spacenav/local_setup.sh
[0.102s] -- Up-to-date: /home/bayram/projects/LeoDrive_ws/joystick_ros2/install/spacenav/share/spacenav/local_setup.zsh
[0.102s] -- Up-to-date: /home/bayram/projects/LeoDrive_ws/joystick_ros2/install/spacenav/share/spacenav/local_setup.dsv
[0.102s] -- Installing: /home/bayram/projects/LeoDrive_ws/joystick_ros2/install/spacenav/share/spacenav/package.dsv
[0.102s] -- Up-to-date: /home/bayram/projects/LeoDrive_ws/joystick_ros2/install/spacenav/share/ament_index/resource_index/packages/spacenav
[0.102s] -- Up-to-date: /home/bayram/projects/LeoDrive_ws/joystick_ros2/install/spacenav/share/ament_index/resource_index/rclcpp_components/spacenav
[0.102s] -- Up-to-date: /home/bayram/projects/LeoDrive_ws/joystick_ros2/install/spacenav/share/spacenav/cmake/export_spacenavExport.cmake
[0.102s] -- Up-to-date: /home/bayram/projects/LeoDrive_ws/joystick_ros2/install/spacenav/share/spacenav/cmake/export_spacenavExport-noconfig.cmake
[0.102s] -- Up-to-date: /home/bayram/projects/LeoDrive_ws/joystick_ros2/install/spacenav/share/spacenav/cmake/ament_cmake_export_targets-extras.cmake
[0.103s] -- Up-to-date: /home/bayram/projects/LeoDrive_ws/joystick_ros2/install/spacenav/share/spacenav/cmake/ament_cmake_export_dependencies-extras.cmake
[0.103s] -- Up-to-date: /home/bayram/projects/LeoDrive_ws/joystick_ros2/install/spacenav/share/spacenav/cmake/spacenavConfig.cmake
[0.103s] -- Up-to-date: /home/bayram/projects/LeoDrive_ws/joystick_ros2/install/spacenav/share/spacenav/cmake/spacenavConfig-version.cmake
[0.103s] -- Up-to-date: /home/bayram/projects/LeoDrive_ws/joystick_ros2/install/spacenav/share/spacenav/package.xml
[0.116s] Invoked command in '/home/bayram/projects/LeoDrive_ws/joystick_ros2/build/spacenav' returned '0': CMAKE_PREFIX_PATH=/opt/ros/humble /usr/bin/cmake --install /home/bayram/projects/LeoDrive_ws/joystick_ros2/build/spacenav
