[35m[1mConsolidate compiler generated dependencies of target wiimote_msgs__rosidl_generator_c[0m
[  2%] Built target wiimote_msgs__cpp
[  2%] Built target ament_cmake_python_copy_wiimote_msgs
[ 12%] Built target wiimote_msgs__rosidl_generator_c
[35m[1mConsolidate compiler generated dependencies of target wiimote_msgs__rosidl_typesupport_cpp[0m
[35m[1mConsolidate compiler generated dependencies of target wiimote_msgs__rosidl_typesupport_fastrtps_cpp[0m
[35m[1mConsolidate compiler generated dependencies of target wiimote_msgs__rosidl_typesupport_introspection_cpp[0m
[35m[1mConsolidate compiler generated dependencies of target wiimote_msgs__rosidl_typesupport_introspection_c[0m
[35m[1mConsolidate compiler generated dependencies of target wiimote_msgs__rosidl_typesupport_fastrtps_c[0m
[ 23%] Built target wiimote_msgs__rosidl_typesupport_cpp
[35m[1mConsolidate compiler generated dependencies of target wiimote_msgs__rosidl_typesupport_c[0m
[ 34%] Built target wiimote_msgs__rosidl_typesupport_fastrtps_cpp
[ 44%] Built target wiimote_msgs__rosidl_typesupport_introspection_cpp
[ 55%] Built target wiimote_msgs__rosidl_typesupport_introspection_c
[ 65%] Built target wiimote_msgs__rosidl_typesupport_c
[ 76%] Built target wiimote_msgs__rosidl_typesupport_fastrtps_c
[ 76%] Built target wiimote_msgs
[ 78%] Built target wiimote_msgs__py
[35m[1mConsolidate compiler generated dependencies of target wiimote_msgs__rosidl_generator_py[0m
[ 87%] Built target wiimote_msgs__rosidl_generator_py
[35m[1mConsolidate compiler generated dependencies of target wiimote_msgs__rosidl_typesupport_fastrtps_c__pyext[0m
[35m[1mConsolidate compiler generated dependencies of target wiimote_msgs__rosidl_typesupport_introspection_c__pyext[0m
[35m[1mConsolidate compiler generated dependencies of target wiimote_msgs__rosidl_typesupport_c__pyext[0m
[ 95%] Built target wiimote_msgs__rosidl_typesupport_introspection_c__pyext
[ 95%] Built target wiimote_msgs__rosidl_typesupport_fastrtps_c__pyext
[100%] Built target wiimote_msgs__rosidl_typesupport_c__pyext
running egg_info
writing wiimote_msgs.egg-info/PKG-INFO
writing dependency_links to wiimote_msgs.egg-info/dependency_links.txt
writing top-level names to wiimote_msgs.egg-info/top_level.txt
reading manifest file 'wiimote_msgs.egg-info/SOURCES.txt'
writing manifest file 'wiimote_msgs.egg-info/SOURCES.txt'
[100%] Built target ament_cmake_python_build_wiimote_msgs_egg
-- Install configuration: ""
-- Up-to-date: /home/bayram/projects/LeoDrive_ws/joystick_ros2/install/wiimote_msgs/share/ament_index/resource_index/rosidl_interfaces/wiimote_msgs
-- Up-to-date: /home/bayram/projects/LeoDrive_ws/joystick_ros2/install/wiimote_msgs/include/wiimote_msgs/wiimote_msgs
-- Up-to-date: /home/bayram/projects/LeoDrive_ws/joystick_ros2/install/wiimote_msgs/include/wiimote_msgs/wiimote_msgs/msg
-- Up-to-date: /home/bayram/projects/LeoDrive_ws/joystick_ros2/install/wiimote_msgs/include/wiimote_msgs/wiimote_msgs/msg/state.h
-- Up-to-date: /home/bayram/projects/LeoDrive_ws/joystick_ros2/install/wiimote_msgs/include/wiimote_msgs/wiimote_msgs/msg/detail
-- Up-to-date: /home/bayram/projects/LeoDrive_ws/joystick_ros2/install/wiimote_msgs/include/wiimote_msgs/wiimote_msgs/msg/detail/state__struct.h
-- Up-to-date: /home/bayram/projects/LeoDrive_ws/joystick_ros2/install/wiimote_msgs/include/wiimote_msgs/wiimote_msgs/msg/detail/timed_switch__struct.h
-- Up-to-date: /home/bayram/projects/LeoDrive_ws/joystick_ros2/install/wiimote_msgs/include/wiimote_msgs/wiimote_msgs/msg/detail/ir_source_info__type_support.h
-- Up-to-date: /home/bayram/projects/LeoDrive_ws/joystick_ros2/install/wiimote_msgs/include/wiimote_msgs/wiimote_msgs/msg/detail/state__functions.c
-- Up-to-date: /home/bayram/projects/LeoDrive_ws/joystick_ros2/install/wiimote_msgs/include/wiimote_msgs/wiimote_msgs/msg/detail/ir_source_info__struct.h
-- Up-to-date: /home/bayram/projects/LeoDrive_ws/joystick_ros2/install/wiimote_msgs/include/wiimote_msgs/wiimote_msgs/msg/detail/timed_switch__type_support.h
-- Up-to-date: /home/bayram/projects/LeoDrive_ws/joystick_ros2/install/wiimote_msgs/include/wiimote_msgs/wiimote_msgs/msg/detail/state__functions.h
-- Up-to-date: /home/bayram/projects/LeoDrive_ws/joystick_ros2/install/wiimote_msgs/include/wiimote_msgs/wiimote_msgs/msg/detail/ir_source_info__functions.c
-- Up-to-date: /home/bayram/projects/LeoDrive_ws/joystick_ros2/install/wiimote_msgs/include/wiimote_msgs/wiimote_msgs/msg/detail/timed_switch__functions.c
-- Up-to-date: /home/bayram/projects/LeoDrive_ws/joystick_ros2/install/wiimote_msgs/include/wiimote_msgs/wiimote_msgs/msg/detail/state__type_support.h
-- Up-to-date: /home/bayram/projects/LeoDrive_ws/joystick_ros2/install/wiimote_msgs/include/wiimote_msgs/wiimote_msgs/msg/detail/timed_switch__functions.h
-- Up-to-date: /home/bayram/projects/LeoDrive_ws/joystick_ros2/install/wiimote_msgs/include/wiimote_msgs/wiimote_msgs/msg/detail/ir_source_info__functions.h
-- Up-to-date: /home/bayram/projects/LeoDrive_ws/joystick_ros2/install/wiimote_msgs/include/wiimote_msgs/wiimote_msgs/msg/rosidl_generator_c__visibility_control.h
-- Up-to-date: /home/bayram/projects/LeoDrive_ws/joystick_ros2/install/wiimote_msgs/include/wiimote_msgs/wiimote_msgs/msg/ir_source_info.h
-- Up-to-date: /home/bayram/projects/LeoDrive_ws/joystick_ros2/install/wiimote_msgs/include/wiimote_msgs/wiimote_msgs/msg/timed_switch.h
-- Up-to-date: /home/bayram/projects/LeoDrive_ws/joystick_ros2/install/wiimote_msgs/share/wiimote_msgs/environment/library_path.sh
-- Up-to-date: /home/bayram/projects/LeoDrive_ws/joystick_ros2/install/wiimote_msgs/share/wiimote_msgs/environment/library_path.dsv
-- Up-to-date: /home/bayram/projects/LeoDrive_ws/joystick_ros2/install/wiimote_msgs/lib/libwiimote_msgs__rosidl_generator_c.so
-- Up-to-date: /home/bayram/projects/LeoDrive_ws/joystick_ros2/install/wiimote_msgs/include/wiimote_msgs/wiimote_msgs
-- Up-to-date: /home/bayram/projects/LeoDrive_ws/joystick_ros2/install/wiimote_msgs/include/wiimote_msgs/wiimote_msgs/msg
-- Up-to-date: /home/bayram/projects/LeoDrive_ws/joystick_ros2/install/wiimote_msgs/include/wiimote_msgs/wiimote_msgs/msg/detail
-- Up-to-date: /home/bayram/projects/LeoDrive_ws/joystick_ros2/install/wiimote_msgs/include/wiimote_msgs/wiimote_msgs/msg/detail/state__rosidl_typesupport_fastrtps_c.h
-- Up-to-date: /home/bayram/projects/LeoDrive_ws/joystick_ros2/install/wiimote_msgs/include/wiimote_msgs/wiimote_msgs/msg/detail/timed_switch__rosidl_typesupport_fastrtps_c.h
-- Up-to-date: /home/bayram/projects/LeoDrive_ws/joystick_ros2/install/wiimote_msgs/include/wiimote_msgs/wiimote_msgs/msg/detail/ir_source_info__rosidl_typesupport_fastrtps_c.h
-- Up-to-date: /home/bayram/projects/LeoDrive_ws/joystick_ros2/install/wiimote_msgs/include/wiimote_msgs/wiimote_msgs/msg/rosidl_typesupport_fastrtps_c__visibility_control.h
-- Up-to-date: /home/bayram/projects/LeoDrive_ws/joystick_ros2/install/wiimote_msgs/lib/libwiimote_msgs__rosidl_typesupport_fastrtps_c.so
-- Up-to-date: /home/bayram/projects/LeoDrive_ws/joystick_ros2/install/wiimote_msgs/include/wiimote_msgs/wiimote_msgs
-- Up-to-date: /home/bayram/projects/LeoDrive_ws/joystick_ros2/install/wiimote_msgs/include/wiimote_msgs/wiimote_msgs/msg
-- Up-to-date: /home/bayram/projects/LeoDrive_ws/joystick_ros2/install/wiimote_msgs/include/wiimote_msgs/wiimote_msgs/msg/state.hpp
-- Up-to-date: /home/bayram/projects/LeoDrive_ws/joystick_ros2/install/wiimote_msgs/include/wiimote_msgs/wiimote_msgs/msg/ir_source_info.hpp
-- Up-to-date: /home/bayram/projects/LeoDrive_ws/joystick_ros2/install/wiimote_msgs/include/wiimote_msgs/wiimote_msgs/msg/timed_switch.hpp
-- Up-to-date: /home/bayram/projects/LeoDrive_ws/joystick_ros2/install/wiimote_msgs/include/wiimote_msgs/wiimote_msgs/msg/detail
-- Up-to-date: /home/bayram/projects/LeoDrive_ws/joystick_ros2/install/wiimote_msgs/include/wiimote_msgs/wiimote_msgs/msg/detail/state__traits.hpp
-- Up-to-date: /home/bayram/projects/LeoDrive_ws/joystick_ros2/install/wiimote_msgs/include/wiimote_msgs/wiimote_msgs/msg/detail/timed_switch__traits.hpp
-- Up-to-date: /home/bayram/projects/LeoDrive_ws/joystick_ros2/install/wiimote_msgs/include/wiimote_msgs/wiimote_msgs/msg/detail/ir_source_info__builder.hpp
-- Up-to-date: /home/bayram/projects/LeoDrive_ws/joystick_ros2/install/wiimote_msgs/include/wiimote_msgs/wiimote_msgs/msg/detail/ir_source_info__traits.hpp
-- Up-to-date: /home/bayram/projects/LeoDrive_ws/joystick_ros2/install/wiimote_msgs/include/wiimote_msgs/wiimote_msgs/msg/detail/timed_switch__struct.hpp
-- Up-to-date: /home/bayram/projects/LeoDrive_ws/joystick_ros2/install/wiimote_msgs/include/wiimote_msgs/wiimote_msgs/msg/detail/timed_switch__builder.hpp
-- Up-to-date: /home/bayram/projects/LeoDrive_ws/joystick_ros2/install/wiimote_msgs/include/wiimote_msgs/wiimote_msgs/msg/detail/state__builder.hpp
-- Up-to-date: /home/bayram/projects/LeoDrive_ws/joystick_ros2/install/wiimote_msgs/include/wiimote_msgs/wiimote_msgs/msg/detail/ir_source_info__struct.hpp
-- Up-to-date: /home/bayram/projects/LeoDrive_ws/joystick_ros2/install/wiimote_msgs/include/wiimote_msgs/wiimote_msgs/msg/detail/state__struct.hpp
-- Up-to-date: /home/bayram/projects/LeoDrive_ws/joystick_ros2/install/wiimote_msgs/include/wiimote_msgs/wiimote_msgs
-- Up-to-date: /home/bayram/projects/LeoDrive_ws/joystick_ros2/install/wiimote_msgs/include/wiimote_msgs/wiimote_msgs/msg
-- Up-to-date: /home/bayram/projects/LeoDrive_ws/joystick_ros2/install/wiimote_msgs/include/wiimote_msgs/wiimote_msgs/msg/detail
-- Up-to-date: /home/bayram/projects/LeoDrive_ws/joystick_ros2/install/wiimote_msgs/include/wiimote_msgs/wiimote_msgs/msg/detail/timed_switch__rosidl_typesupport_fastrtps_cpp.hpp
-- Up-to-date: /home/bayram/projects/LeoDrive_ws/joystick_ros2/install/wiimote_msgs/include/wiimote_msgs/wiimote_msgs/msg/detail/dds_fastrtps
-- Up-to-date: /home/bayram/projects/LeoDrive_ws/joystick_ros2/install/wiimote_msgs/include/wiimote_msgs/wiimote_msgs/msg/detail/ir_source_info__rosidl_typesupport_fastrtps_cpp.hpp
-- Up-to-date: /home/bayram/projects/LeoDrive_ws/joystick_ros2/install/wiimote_msgs/include/wiimote_msgs/wiimote_msgs/msg/detail/state__rosidl_typesupport_fastrtps_cpp.hpp
-- Up-to-date: /home/bayram/projects/LeoDrive_ws/joystick_ros2/install/wiimote_msgs/include/wiimote_msgs/wiimote_msgs/msg/rosidl_typesupport_fastrtps_cpp__visibility_control.h
-- Up-to-date: /home/bayram/projects/LeoDrive_ws/joystick_ros2/install/wiimote_msgs/lib/libwiimote_msgs__rosidl_typesupport_fastrtps_cpp.so
-- Up-to-date: /home/bayram/projects/LeoDrive_ws/joystick_ros2/install/wiimote_msgs/include/wiimote_msgs/wiimote_msgs
-- Up-to-date: /home/bayram/projects/LeoDrive_ws/joystick_ros2/install/wiimote_msgs/include/wiimote_msgs/wiimote_msgs/msg
-- Up-to-date: /home/bayram/projects/LeoDrive_ws/joystick_ros2/install/wiimote_msgs/include/wiimote_msgs/wiimote_msgs/msg/detail
-- Up-to-date: /home/bayram/projects/LeoDrive_ws/joystick_ros2/install/wiimote_msgs/include/wiimote_msgs/wiimote_msgs/msg/detail/timed_switch__type_support.c
-- Up-to-date: /home/bayram/projects/LeoDrive_ws/joystick_ros2/install/wiimote_msgs/include/wiimote_msgs/wiimote_msgs/msg/detail/ir_source_info__type_support.c
-- Up-to-date: /home/bayram/projects/LeoDrive_ws/joystick_ros2/install/wiimote_msgs/include/wiimote_msgs/wiimote_msgs/msg/detail/state__type_support.c
-- Up-to-date: /home/bayram/projects/LeoDrive_ws/joystick_ros2/install/wiimote_msgs/include/wiimote_msgs/wiimote_msgs/msg/detail/state__rosidl_typesupport_introspection_c.h
-- Up-to-date: /home/bayram/projects/LeoDrive_ws/joystick_ros2/install/wiimote_msgs/include/wiimote_msgs/wiimote_msgs/msg/detail/timed_switch__rosidl_typesupport_introspection_c.h
-- Up-to-date: /home/bayram/projects/LeoDrive_ws/joystick_ros2/install/wiimote_msgs/include/wiimote_msgs/wiimote_msgs/msg/detail/ir_source_info__rosidl_typesupport_introspection_c.h
-- Up-to-date: /home/bayram/projects/LeoDrive_ws/joystick_ros2/install/wiimote_msgs/include/wiimote_msgs/wiimote_msgs/msg/rosidl_typesupport_introspection_c__visibility_control.h
-- Up-to-date: /home/bayram/projects/LeoDrive_ws/joystick_ros2/install/wiimote_msgs/lib/libwiimote_msgs__rosidl_typesupport_introspection_c.so
-- Up-to-date: /home/bayram/projects/LeoDrive_ws/joystick_ros2/install/wiimote_msgs/lib/libwiimote_msgs__rosidl_typesupport_c.so
-- Up-to-date: /home/bayram/projects/LeoDrive_ws/joystick_ros2/install/wiimote_msgs/include/wiimote_msgs/wiimote_msgs
-- Up-to-date: /home/bayram/projects/LeoDrive_ws/joystick_ros2/install/wiimote_msgs/include/wiimote_msgs/wiimote_msgs/msg
-- Up-to-date: /home/bayram/projects/LeoDrive_ws/joystick_ros2/install/wiimote_msgs/include/wiimote_msgs/wiimote_msgs/msg/detail
-- Up-to-date: /home/bayram/projects/LeoDrive_ws/joystick_ros2/install/wiimote_msgs/include/wiimote_msgs/wiimote_msgs/msg/detail/timed_switch__rosidl_typesupport_introspection_cpp.hpp
-- Up-to-date: /home/bayram/projects/LeoDrive_ws/joystick_ros2/install/wiimote_msgs/include/wiimote_msgs/wiimote_msgs/msg/detail/ir_source_info__rosidl_typesupport_introspection_cpp.hpp
-- Up-to-date: /home/bayram/projects/LeoDrive_ws/joystick_ros2/install/wiimote_msgs/include/wiimote_msgs/wiimote_msgs/msg/detail/timed_switch__type_support.cpp
-- Up-to-date: /home/bayram/projects/LeoDrive_ws/joystick_ros2/install/wiimote_msgs/include/wiimote_msgs/wiimote_msgs/msg/detail/state__type_support.cpp
-- Up-to-date: /home/bayram/projects/LeoDrive_ws/joystick_ros2/install/wiimote_msgs/include/wiimote_msgs/wiimote_msgs/msg/detail/ir_source_info__type_support.cpp
-- Up-to-date: /home/bayram/projects/LeoDrive_ws/joystick_ros2/install/wiimote_msgs/include/wiimote_msgs/wiimote_msgs/msg/detail/state__rosidl_typesupport_introspection_cpp.hpp
-- Up-to-date: /home/bayram/projects/LeoDrive_ws/joystick_ros2/install/wiimote_msgs/lib/libwiimote_msgs__rosidl_typesupport_introspection_cpp.so
-- Up-to-date: /home/bayram/projects/LeoDrive_ws/joystick_ros2/install/wiimote_msgs/lib/libwiimote_msgs__rosidl_typesupport_cpp.so
-- Up-to-date: /home/bayram/projects/LeoDrive_ws/joystick_ros2/install/wiimote_msgs/share/wiimote_msgs/environment/pythonpath.sh
-- Up-to-date: /home/bayram/projects/LeoDrive_ws/joystick_ros2/install/wiimote_msgs/share/wiimote_msgs/environment/pythonpath.dsv
-- Up-to-date: /home/bayram/projects/LeoDrive_ws/joystick_ros2/install/wiimote_msgs/local/lib/python3.10/dist-packages/wiimote_msgs-3.1.0-py3.10.egg-info
-- Installing: /home/bayram/projects/LeoDrive_ws/joystick_ros2/install/wiimote_msgs/local/lib/python3.10/dist-packages/wiimote_msgs-3.1.0-py3.10.egg-info/dependency_links.txt
-- Installing: /home/bayram/projects/LeoDrive_ws/joystick_ros2/install/wiimote_msgs/local/lib/python3.10/dist-packages/wiimote_msgs-3.1.0-py3.10.egg-info/top_level.txt
-- Installing: /home/bayram/projects/LeoDrive_ws/joystick_ros2/install/wiimote_msgs/local/lib/python3.10/dist-packages/wiimote_msgs-3.1.0-py3.10.egg-info/SOURCES.txt
-- Installing: /home/bayram/projects/LeoDrive_ws/joystick_ros2/install/wiimote_msgs/local/lib/python3.10/dist-packages/wiimote_msgs-3.1.0-py3.10.egg-info/PKG-INFO
-- Up-to-date: /home/bayram/projects/LeoDrive_ws/joystick_ros2/install/wiimote_msgs/local/lib/python3.10/dist-packages/wiimote_msgs
-- Up-to-date: /home/bayram/projects/LeoDrive_ws/joystick_ros2/install/wiimote_msgs/local/lib/python3.10/dist-packages/wiimote_msgs/wiimote_msgs_s__rosidl_typesupport_c.cpython-310-x86_64-linux-gnu.so
-- Up-to-date: /home/bayram/projects/LeoDrive_ws/joystick_ros2/install/wiimote_msgs/local/lib/python3.10/dist-packages/wiimote_msgs/_wiimote_msgs_s.ep.rosidl_typesupport_introspection_c.c
-- Up-to-date: /home/bayram/projects/LeoDrive_ws/joystick_ros2/install/wiimote_msgs/local/lib/python3.10/dist-packages/wiimote_msgs/libwiimote_msgs__rosidl_generator_py.so
-- Up-to-date: /home/bayram/projects/LeoDrive_ws/joystick_ros2/install/wiimote_msgs/local/lib/python3.10/dist-packages/wiimote_msgs/msg
-- Up-to-date: /home/bayram/projects/LeoDrive_ws/joystick_ros2/install/wiimote_msgs/local/lib/python3.10/dist-packages/wiimote_msgs/msg/_ir_source_info_s.c
-- Up-to-date: /home/bayram/projects/LeoDrive_ws/joystick_ros2/install/wiimote_msgs/local/lib/python3.10/dist-packages/wiimote_msgs/msg/_ir_source_info.py
-- Up-to-date: /home/bayram/projects/LeoDrive_ws/joystick_ros2/install/wiimote_msgs/local/lib/python3.10/dist-packages/wiimote_msgs/msg/_timed_switch_s.c
-- Up-to-date: /home/bayram/projects/LeoDrive_ws/joystick_ros2/install/wiimote_msgs/local/lib/python3.10/dist-packages/wiimote_msgs/msg/_state_s.c
-- Up-to-date: /home/bayram/projects/LeoDrive_ws/joystick_ros2/install/wiimote_msgs/local/lib/python3.10/dist-packages/wiimote_msgs/msg/_state.py
-- Up-to-date: /home/bayram/projects/LeoDrive_ws/joystick_ros2/install/wiimote_msgs/local/lib/python3.10/dist-packages/wiimote_msgs/msg/_timed_switch.py
-- Up-to-date: /home/bayram/projects/LeoDrive_ws/joystick_ros2/install/wiimote_msgs/local/lib/python3.10/dist-packages/wiimote_msgs/msg/__init__.py
-- Up-to-date: /home/bayram/projects/LeoDrive_ws/joystick_ros2/install/wiimote_msgs/local/lib/python3.10/dist-packages/wiimote_msgs/wiimote_msgs_s__rosidl_typesupport_introspection_c.cpython-310-x86_64-linux-gnu.so
-- Up-to-date: /home/bayram/projects/LeoDrive_ws/joystick_ros2/install/wiimote_msgs/local/lib/python3.10/dist-packages/wiimote_msgs/wiimote_msgs_s__rosidl_typesupport_fastrtps_c.cpython-310-x86_64-linux-gnu.so
-- Up-to-date: /home/bayram/projects/LeoDrive_ws/joystick_ros2/install/wiimote_msgs/local/lib/python3.10/dist-packages/wiimote_msgs/_wiimote_msgs_s.ep.rosidl_typesupport_fastrtps_c.c
-- Up-to-date: /home/bayram/projects/LeoDrive_ws/joystick_ros2/install/wiimote_msgs/local/lib/python3.10/dist-packages/wiimote_msgs/_wiimote_msgs_s.ep.rosidl_typesupport_c.c
-- Up-to-date: /home/bayram/projects/LeoDrive_ws/joystick_ros2/install/wiimote_msgs/local/lib/python3.10/dist-packages/wiimote_msgs/__init__.py
Listing '/home/bayram/projects/LeoDrive_ws/joystick_ros2/install/wiimote_msgs/local/lib/python3.10/dist-packages/wiimote_msgs'...
Listing '/home/bayram/projects/LeoDrive_ws/joystick_ros2/install/wiimote_msgs/local/lib/python3.10/dist-packages/wiimote_msgs/msg'...
-- Up-to-date: /home/bayram/projects/LeoDrive_ws/joystick_ros2/install/wiimote_msgs/local/lib/python3.10/dist-packages/wiimote_msgs/wiimote_msgs_s__rosidl_typesupport_fastrtps_c.cpython-310-x86_64-linux-gnu.so
-- Up-to-date: /home/bayram/projects/LeoDrive_ws/joystick_ros2/install/wiimote_msgs/local/lib/python3.10/dist-packages/wiimote_msgs/wiimote_msgs_s__rosidl_typesupport_introspection_c.cpython-310-x86_64-linux-gnu.so
-- Up-to-date: /home/bayram/projects/LeoDrive_ws/joystick_ros2/install/wiimote_msgs/local/lib/python3.10/dist-packages/wiimote_msgs/wiimote_msgs_s__rosidl_typesupport_c.cpython-310-x86_64-linux-gnu.so
-- Up-to-date: /home/bayram/projects/LeoDrive_ws/joystick_ros2/install/wiimote_msgs/lib/libwiimote_msgs__rosidl_generator_py.so
-- Up-to-date: /home/bayram/projects/LeoDrive_ws/joystick_ros2/install/wiimote_msgs/share/wiimote_msgs/msg/IrSourceInfo.idl
-- Up-to-date: /home/bayram/projects/LeoDrive_ws/joystick_ros2/install/wiimote_msgs/share/wiimote_msgs/msg/State.idl
-- Up-to-date: /home/bayram/projects/LeoDrive_ws/joystick_ros2/install/wiimote_msgs/share/wiimote_msgs/msg/TimedSwitch.idl
-- Up-to-date: /home/bayram/projects/LeoDrive_ws/joystick_ros2/install/wiimote_msgs/share/wiimote_msgs/msg/IrSourceInfo.msg
-- Up-to-date: /home/bayram/projects/LeoDrive_ws/joystick_ros2/install/wiimote_msgs/share/wiimote_msgs/msg/State.msg
-- Up-to-date: /home/bayram/projects/LeoDrive_ws/joystick_ros2/install/wiimote_msgs/share/wiimote_msgs/msg/TimedSwitch.msg
-- Up-to-date: /home/bayram/projects/LeoDrive_ws/joystick_ros2/install/wiimote_msgs/share/ament_index/resource_index/package_run_dependencies/wiimote_msgs
-- Up-to-date: /home/bayram/projects/LeoDrive_ws/joystick_ros2/install/wiimote_msgs/share/ament_index/resource_index/parent_prefix_path/wiimote_msgs
-- Up-to-date: /home/bayram/projects/LeoDrive_ws/joystick_ros2/install/wiimote_msgs/share/wiimote_msgs/environment/ament_prefix_path.sh
-- Up-to-date: /home/bayram/projects/LeoDrive_ws/joystick_ros2/install/wiimote_msgs/share/wiimote_msgs/environment/ament_prefix_path.dsv
-- Up-to-date: /home/bayram/projects/LeoDrive_ws/joystick_ros2/install/wiimote_msgs/share/wiimote_msgs/environment/path.sh
-- Up-to-date: /home/bayram/projects/LeoDrive_ws/joystick_ros2/install/wiimote_msgs/share/wiimote_msgs/environment/path.dsv
-- Up-to-date: /home/bayram/projects/LeoDrive_ws/joystick_ros2/install/wiimote_msgs/share/wiimote_msgs/local_setup.bash
-- Up-to-date: /home/bayram/projects/LeoDrive_ws/joystick_ros2/install/wiimote_msgs/share/wiimote_msgs/local_setup.sh
-- Up-to-date: /home/bayram/projects/LeoDrive_ws/joystick_ros2/install/wiimote_msgs/share/wiimote_msgs/local_setup.zsh
-- Up-to-date: /home/bayram/projects/LeoDrive_ws/joystick_ros2/install/wiimote_msgs/share/wiimote_msgs/local_setup.dsv
-- Installing: /home/bayram/projects/LeoDrive_ws/joystick_ros2/install/wiimote_msgs/share/wiimote_msgs/package.dsv
-- Up-to-date: /home/bayram/projects/LeoDrive_ws/joystick_ros2/install/wiimote_msgs/share/ament_index/resource_index/packages/wiimote_msgs
-- Up-to-date: /home/bayram/projects/LeoDrive_ws/joystick_ros2/install/wiimote_msgs/share/wiimote_msgs/cmake/export_wiimote_msgs__rosidl_generator_cExport.cmake
-- Up-to-date: /home/bayram/projects/LeoDrive_ws/joystick_ros2/install/wiimote_msgs/share/wiimote_msgs/cmake/export_wiimote_msgs__rosidl_generator_cExport-noconfig.cmake
-- Up-to-date: /home/bayram/projects/LeoDrive_ws/joystick_ros2/install/wiimote_msgs/share/wiimote_msgs/cmake/export_wiimote_msgs__rosidl_typesupport_fastrtps_cExport.cmake
-- Up-to-date: /home/bayram/projects/LeoDrive_ws/joystick_ros2/install/wiimote_msgs/share/wiimote_msgs/cmake/export_wiimote_msgs__rosidl_typesupport_fastrtps_cExport-noconfig.cmake
-- Up-to-date: /home/bayram/projects/LeoDrive_ws/joystick_ros2/install/wiimote_msgs/share/wiimote_msgs/cmake/export_wiimote_msgs__rosidl_generator_cppExport.cmake
-- Up-to-date: /home/bayram/projects/LeoDrive_ws/joystick_ros2/install/wiimote_msgs/share/wiimote_msgs/cmake/export_wiimote_msgs__rosidl_typesupport_fastrtps_cppExport.cmake
-- Up-to-date: /home/bayram/projects/LeoDrive_ws/joystick_ros2/install/wiimote_msgs/share/wiimote_msgs/cmake/export_wiimote_msgs__rosidl_typesupport_fastrtps_cppExport-noconfig.cmake
-- Up-to-date: /home/bayram/projects/LeoDrive_ws/joystick_ros2/install/wiimote_msgs/share/wiimote_msgs/cmake/wiimote_msgs__rosidl_typesupport_introspection_cExport.cmake
-- Up-to-date: /home/bayram/projects/LeoDrive_ws/joystick_ros2/install/wiimote_msgs/share/wiimote_msgs/cmake/wiimote_msgs__rosidl_typesupport_introspection_cExport-noconfig.cmake
-- Up-to-date: /home/bayram/projects/LeoDrive_ws/joystick_ros2/install/wiimote_msgs/share/wiimote_msgs/cmake/wiimote_msgs__rosidl_typesupport_cExport.cmake
-- Up-to-date: /home/bayram/projects/LeoDrive_ws/joystick_ros2/install/wiimote_msgs/share/wiimote_msgs/cmake/wiimote_msgs__rosidl_typesupport_cExport-noconfig.cmake
-- Up-to-date: /home/bayram/projects/LeoDrive_ws/joystick_ros2/install/wiimote_msgs/share/wiimote_msgs/cmake/wiimote_msgs__rosidl_typesupport_introspection_cppExport.cmake
-- Up-to-date: /home/bayram/projects/LeoDrive_ws/joystick_ros2/install/wiimote_msgs/share/wiimote_msgs/cmake/wiimote_msgs__rosidl_typesupport_introspection_cppExport-noconfig.cmake
-- Up-to-date: /home/bayram/projects/LeoDrive_ws/joystick_ros2/install/wiimote_msgs/share/wiimote_msgs/cmake/wiimote_msgs__rosidl_typesupport_cppExport.cmake
-- Up-to-date: /home/bayram/projects/LeoDrive_ws/joystick_ros2/install/wiimote_msgs/share/wiimote_msgs/cmake/wiimote_msgs__rosidl_typesupport_cppExport-noconfig.cmake
-- Up-to-date: /home/bayram/projects/LeoDrive_ws/joystick_ros2/install/wiimote_msgs/share/wiimote_msgs/cmake/export_wiimote_msgs__rosidl_generator_pyExport.cmake
-- Up-to-date: /home/bayram/projects/LeoDrive_ws/joystick_ros2/install/wiimote_msgs/share/wiimote_msgs/cmake/export_wiimote_msgs__rosidl_generator_pyExport-noconfig.cmake
-- Up-to-date: /home/bayram/projects/LeoDrive_ws/joystick_ros2/install/wiimote_msgs/share/wiimote_msgs/cmake/rosidl_cmake-extras.cmake
-- Up-to-date: /home/bayram/projects/LeoDrive_ws/joystick_ros2/install/wiimote_msgs/share/wiimote_msgs/cmake/ament_cmake_export_dependencies-extras.cmake
-- Up-to-date: /home/bayram/projects/LeoDrive_ws/joystick_ros2/install/wiimote_msgs/share/wiimote_msgs/cmake/ament_cmake_export_include_directories-extras.cmake
-- Up-to-date: /home/bayram/projects/LeoDrive_ws/joystick_ros2/install/wiimote_msgs/share/wiimote_msgs/cmake/ament_cmake_export_libraries-extras.cmake
-- Up-to-date: /home/bayram/projects/LeoDrive_ws/joystick_ros2/install/wiimote_msgs/share/wiimote_msgs/cmake/ament_cmake_export_targets-extras.cmake
-- Up-to-date: /home/bayram/projects/LeoDrive_ws/joystick_ros2/install/wiimote_msgs/share/wiimote_msgs/cmake/rosidl_cmake_export_typesupport_targets-extras.cmake
-- Up-to-date: /home/bayram/projects/LeoDrive_ws/joystick_ros2/install/wiimote_msgs/share/wiimote_msgs/cmake/rosidl_cmake_export_typesupport_libraries-extras.cmake
-- Up-to-date: /home/bayram/projects/LeoDrive_ws/joystick_ros2/install/wiimote_msgs/share/wiimote_msgs/cmake/wiimote_msgsConfig.cmake
-- Up-to-date: /home/bayram/projects/LeoDrive_ws/joystick_ros2/install/wiimote_msgs/share/wiimote_msgs/cmake/wiimote_msgsConfig-version.cmake
-- Up-to-date: /home/bayram/projects/LeoDrive_ws/joystick_ros2/install/wiimote_msgs/share/wiimote_msgs/package.xml
