-- The C compiler identification is GNU 11.3.0
-- The CXX compiler identification is GNU 11.3.0
-- Detecting C compiler ABI info
-- Detecting C compiler ABI info - done
-- Check for working C compiler: /usr/bin/cc - skipped
-- Detecting C compile features
-- Detecting C compile features - done
-- Detecting CXX compiler ABI info
-- Detecting CXX compiler ABI info - done
-- Check for working CXX compiler: /usr/bin/c++ - skipped
-- Detecting CXX compile features
-- Detecting CXX compile features - done
-- Found ament_cmake: 1.3.2 (/opt/ros/humble/share/ament_cmake/cmake)
-- Found Python3: /usr/bin/python3.10 (found version "3.10.6") found components: Interpreter 
-- Found rclcpp: 16.0.1 (/opt/ros/humble/share/rclcpp/cmake)
-- Found rosidl_generator_c: 3.1.3 (/opt/ros/humble/share/rosidl_generator_c/cmake)
-- Found rosidl_adapter: 3.1.3 (/opt/ros/humble/share/rosidl_adapter/cmake)
-- Found rosidl_generator_cpp: 3.1.3 (/opt/ros/humble/share/rosidl_generator_cpp/cmake)
-- Using all available rosidl_typesupport_c: rosidl_typesupport_fastrtps_c;rosidl_typesupport_introspection_c
-- Using all available rosidl_typesupport_cpp: rosidl_typesupport_fastrtps_cpp;rosidl_typesupport_introspection_cpp
-- Found rmw_implementation_cmake: 6.1.0 (/opt/ros/humble/share/rmw_implementation_cmake/cmake)
-- Found rmw_fastrtps_cpp: 6.2.1 (/opt/ros/humble/share/rmw_fastrtps_cpp/cmake)
-- Found OpenSSL: /usr/lib/x86_64-linux-gnu/libcrypto.so (found version "3.0.2")  
-- Found FastRTPS: /opt/ros/humble/include  
-- Using RMW implementation 'rmw_fastrtps_cpp' as default
-- Found sensor_msgs: 4.2.2 (/opt/ros/humble/share/sensor_msgs/cmake)
-- Found ament_cmake_auto: 1.3.2 (/opt/ros/humble/share/ament_cmake_auto/cmake)
-- Configuring done
-- Generating done
-- Build files have been written to: /home/bayram/projects/LeoDrive_ws/golf_joystick_can/build/g29_can
[ 50%] [32mBuilding CXX object CMakeFiles/g29_can.dir/src/g29cansend.cpp.o[0m
[100%] [32m[1mLinking CXX executable g29_can[0m
[100%] Built target g29_can
-- Install configuration: ""
-- Installing: /home/bayram/projects/LeoDrive_ws/golf_joystick_can/install/g29_can/lib/g29_can/g29_can
-- Set runtime path of "/home/bayram/projects/LeoDrive_ws/golf_joystick_can/install/g29_can/lib/g29_can/g29_can" to ""
-- Installing: /home/bayram/projects/LeoDrive_ws/golf_joystick_can/install/g29_can/share/ament_index/resource_index/package_run_dependencies/g29_can
-- Installing: /home/bayram/projects/LeoDrive_ws/golf_joystick_can/install/g29_can/share/ament_index/resource_index/parent_prefix_path/g29_can
-- Installing: /home/bayram/projects/LeoDrive_ws/golf_joystick_can/install/g29_can/share/g29_can/environment/ament_prefix_path.sh
-- Installing: /home/bayram/projects/LeoDrive_ws/golf_joystick_can/install/g29_can/share/g29_can/environment/ament_prefix_path.dsv
-- Installing: /home/bayram/projects/LeoDrive_ws/golf_joystick_can/install/g29_can/share/g29_can/environment/path.sh
-- Installing: /home/bayram/projects/LeoDrive_ws/golf_joystick_can/install/g29_can/share/g29_can/environment/path.dsv
-- Installing: /home/bayram/projects/LeoDrive_ws/golf_joystick_can/install/g29_can/share/g29_can/local_setup.bash
-- Installing: /home/bayram/projects/LeoDrive_ws/golf_joystick_can/install/g29_can/share/g29_can/local_setup.sh
-- Installing: /home/bayram/projects/LeoDrive_ws/golf_joystick_can/install/g29_can/share/g29_can/local_setup.zsh
-- Installing: /home/bayram/projects/LeoDrive_ws/golf_joystick_can/install/g29_can/share/g29_can/local_setup.dsv
-- Installing: /home/bayram/projects/LeoDrive_ws/golf_joystick_can/install/g29_can/share/g29_can/package.dsv
-- Installing: /home/bayram/projects/LeoDrive_ws/golf_joystick_can/install/g29_can/share/ament_index/resource_index/packages/g29_can
-- Installing: /home/bayram/projects/LeoDrive_ws/golf_joystick_can/install/g29_can/share/g29_can/cmake/g29_canConfig.cmake
-- Installing: /home/bayram/projects/LeoDrive_ws/golf_joystick_can/install/g29_can/share/g29_can/cmake/g29_canConfig-version.cmake
-- Installing: /home/bayram/projects/LeoDrive_ws/golf_joystick_can/install/g29_can/share/g29_can/package.xml
