[0.008s] Invoking command in '/home/bayram/projects/LeoDrive_ws/golf_joystick_can/build/g29_can': CMAKE_PREFIX_PATH=/opt/ros/humble /usr/bin/cmake /home/bayram/projects/LeoDrive_ws/golf_joystick_can/src/g29_can -DCMAKE_INSTALL_PREFIX=/home/bayram/projects/LeoDrive_ws/golf_joystick_can/install/g29_can
[0.059s] -- The C compiler identification is GNU 11.3.0
[0.110s] -- The CXX compiler identification is GNU 11.3.0
[0.116s] -- Detecting C compiler ABI info
[0.156s] -- Detecting C compiler ABI info - done
[0.160s] -- Check for working C compiler: /usr/bin/cc - skipped
[0.160s] -- Detecting C compile features
[0.161s] -- Detecting C compile features - done
[0.163s] -- Detecting CXX compiler ABI info
[0.209s] -- Detecting CXX compiler ABI info - done
[0.213s] -- Check for working CXX compiler: /usr/bin/c++ - skipped
[0.213s] -- Detecting CXX compile features
[0.213s] -- Detecting CXX compile features - done
[0.215s] -- Found ament_cmake: 1.3.2 (/opt/ros/humble/share/ament_cmake/cmake)
[0.313s] -- Found Python3: /usr/bin/python3.10 (found version "3.10.6") found components: Interpreter 
[0.370s] -- Found rclcpp: 16.0.1 (/opt/ros/humble/share/rclcpp/cmake)
[0.403s] -- Found rosidl_generator_c: 3.1.3 (/opt/ros/humble/share/rosidl_generator_c/cmake)
[0.406s] -- Found rosidl_adapter: 3.1.3 (/opt/ros/humble/share/rosidl_adapter/cmake)
[0.413s] -- Found rosidl_generator_cpp: 3.1.3 (/opt/ros/humble/share/rosidl_generator_cpp/cmake)
[0.423s] -- Using all available rosidl_typesupport_c: rosidl_typesupport_fastrtps_c;rosidl_typesupport_introspection_c
[0.435s] -- Using all available rosidl_typesupport_cpp: rosidl_typesupport_fastrtps_cpp;rosidl_typesupport_introspection_cpp
[0.483s] -- Found rmw_implementation_cmake: 6.1.0 (/opt/ros/humble/share/rmw_implementation_cmake/cmake)
[0.485s] -- Found rmw_fastrtps_cpp: 6.2.1 (/opt/ros/humble/share/rmw_fastrtps_cpp/cmake)
[0.541s] -- Found OpenSSL: /usr/lib/x86_64-linux-gnu/libcrypto.so (found version "3.0.2")  
[0.557s] -- Found FastRTPS: /opt/ros/humble/include  
[0.582s] -- Using RMW implementation 'rmw_fastrtps_cpp' as default
[0.688s] -- Found sensor_msgs: 4.2.2 (/opt/ros/humble/share/sensor_msgs/cmake)
[0.769s] -- Found ament_cmake_auto: 1.3.2 (/opt/ros/humble/share/ament_cmake_auto/cmake)
[0.832s] -- Configuring done
[0.837s] -- Generating done
[0.838s] -- Build files have been written to: /home/bayram/projects/LeoDrive_ws/golf_joystick_can/build/g29_can
[0.843s] Invoked command in '/home/bayram/projects/LeoDrive_ws/golf_joystick_can/build/g29_can' returned '0': CMAKE_PREFIX_PATH=/opt/ros/humble /usr/bin/cmake /home/bayram/projects/LeoDrive_ws/golf_joystick_can/src/g29_can -DCMAKE_INSTALL_PREFIX=/home/bayram/projects/LeoDrive_ws/golf_joystick_can/install/g29_can
[0.844s] Invoking command in '/home/bayram/projects/LeoDrive_ws/golf_joystick_can/build/g29_can': CMAKE_PREFIX_PATH=/opt/ros/humble /usr/bin/cmake --build /home/bayram/projects/LeoDrive_ws/golf_joystick_can/build/g29_can -- -j20 -l20
[0.867s] [ 50%] [32mBuilding CXX object CMakeFiles/g29_can.dir/src/g29cansend.cpp.o[0m
[5.839s] [100%] [32m[1mLinking CXX executable g29_can[0m
[6.113s] [100%] Built target g29_can
[6.124s] Invoked command in '/home/bayram/projects/LeoDrive_ws/golf_joystick_can/build/g29_can' returned '0': CMAKE_PREFIX_PATH=/opt/ros/humble /usr/bin/cmake --build /home/bayram/projects/LeoDrive_ws/golf_joystick_can/build/g29_can -- -j20 -l20
[6.142s] Invoking command in '/home/bayram/projects/LeoDrive_ws/golf_joystick_can/build/g29_can': CMAKE_PREFIX_PATH=/opt/ros/humble /usr/bin/cmake --install /home/bayram/projects/LeoDrive_ws/golf_joystick_can/build/g29_can
[6.146s] -- Install configuration: ""
[6.146s] -- Installing: /home/bayram/projects/LeoDrive_ws/golf_joystick_can/install/g29_can/lib/g29_can/g29_can
[6.148s] -- Set runtime path of "/home/bayram/projects/LeoDrive_ws/golf_joystick_can/install/g29_can/lib/g29_can/g29_can" to ""
[6.148s] -- Installing: /home/bayram/projects/LeoDrive_ws/golf_joystick_can/install/g29_can/share/ament_index/resource_index/package_run_dependencies/g29_can
[6.148s] -- Installing: /home/bayram/projects/LeoDrive_ws/golf_joystick_can/install/g29_can/share/ament_index/resource_index/parent_prefix_path/g29_can
[6.148s] -- Installing: /home/bayram/projects/LeoDrive_ws/golf_joystick_can/install/g29_can/share/g29_can/environment/ament_prefix_path.sh
[6.148s] -- Installing: /home/bayram/projects/LeoDrive_ws/golf_joystick_can/install/g29_can/share/g29_can/environment/ament_prefix_path.dsv
[6.148s] -- Installing: /home/bayram/projects/LeoDrive_ws/golf_joystick_can/install/g29_can/share/g29_can/environment/path.sh
[6.148s] -- Installing: /home/bayram/projects/LeoDrive_ws/golf_joystick_can/install/g29_can/share/g29_can/environment/path.dsv
[6.148s] -- Installing: /home/bayram/projects/LeoDrive_ws/golf_joystick_can/install/g29_can/share/g29_can/local_setup.bash
[6.148s] -- Installing: /home/bayram/projects/LeoDrive_ws/golf_joystick_can/install/g29_can/share/g29_can/local_setup.sh
[6.149s] -- Installing: /home/bayram/projects/LeoDrive_ws/golf_joystick_can/install/g29_can/share/g29_can/local_setup.zsh
[6.149s] -- Installing: /home/bayram/projects/LeoDrive_ws/golf_joystick_can/install/g29_can/share/g29_can/local_setup.dsv
[6.149s] -- Installing: /home/bayram/projects/LeoDrive_ws/golf_joystick_can/install/g29_can/share/g29_can/package.dsv
[6.149s] -- Installing: /home/bayram/projects/LeoDrive_ws/golf_joystick_can/install/g29_can/share/ament_index/resource_index/packages/g29_can
[6.149s] -- Installing: /home/bayram/projects/LeoDrive_ws/golf_joystick_can/install/g29_can/share/g29_can/cmake/g29_canConfig.cmake
[6.149s] -- Installing: /home/bayram/projects/LeoDrive_ws/golf_joystick_can/install/g29_can/share/g29_can/cmake/g29_canConfig-version.cmake
[6.149s] -- Installing: /home/bayram/projects/LeoDrive_ws/golf_joystick_can/install/g29_can/share/g29_can/package.xml
[6.150s] Invoked command in '/home/bayram/projects/LeoDrive_ws/golf_joystick_can/build/g29_can' returned '0': CMAKE_PREFIX_PATH=/opt/ros/humble /usr/bin/cmake --install /home/bayram/projects/LeoDrive_ws/golf_joystick_can/build/g29_can
