[0.011s] Invoking command in '/home/bayram/projects/LeoDrive_ws/joystick_ros2/build/spacenav': CMAKE_PREFIX_PATH=/opt/ros/humble /usr/bin/cmake /home/bayram/projects/LeoDrive_ws/joystick_ros2/src/joystick_drivers/spacenav -DCMAKE_INSTALL_PREFIX=/home/bayram/projects/LeoDrive_ws/joystick_ros2/install/spacenav
[0.043s] -- The C compiler identification is GNU 11.3.0
[0.076s] -- The CXX compiler identification is GNU 11.3.0
[0.081s] -- Detecting C compiler ABI info
[0.118s] -- Detecting C compiler ABI info - done
[0.122s] -- Check for working C compiler: /usr/bin/cc - skipped
[0.122s] -- Detecting C compile features
[0.122s] -- Detecting C compile features - done
[0.124s] -- Detecting CXX compiler ABI info
[0.170s] -- Detecting CXX compiler ABI info - done
[0.174s] -- Check for working CXX compiler: /usr/bin/c++ - skipped
[0.174s] -- Detecting CXX compile features
[0.175s] -- Detecting CXX compile features - done
[0.176s] -- Found ament_cmake: 1.3.2 (/opt/ros/humble/share/ament_cmake/cmake)
[0.282s] -- Found Python3: /usr/bin/python3.10 (found version "3.10.6") found components: Interpreter 
[0.333s] -- Found geometry_msgs: 4.2.2 (/opt/ros/humble/share/geometry_msgs/cmake)
[0.354s] -- Found rosidl_generator_c: 3.1.3 (/opt/ros/humble/share/rosidl_generator_c/cmake)
[0.357s] -- Found rosidl_adapter: 3.1.3 (/opt/ros/humble/share/rosidl_adapter/cmake)
[0.361s] -- Found rosidl_generator_cpp: 3.1.3 (/opt/ros/humble/share/rosidl_generator_cpp/cmake)
[0.370s] -- Using all available rosidl_typesupport_c: rosidl_typesupport_fastrtps_c;rosidl_typesupport_introspection_c
[0.381s] -- Using all available rosidl_typesupport_cpp: rosidl_typesupport_fastrtps_cpp;rosidl_typesupport_introspection_cpp
[0.462s] -- Found rclcpp: 16.0.1 (/opt/ros/humble/share/rclcpp/cmake)
[0.499s] -- Found rmw_implementation_cmake: 6.1.0 (/opt/ros/humble/share/rmw_implementation_cmake/cmake)
[0.500s] -- Found rmw_fastrtps_cpp: 6.2.1 (/opt/ros/humble/share/rmw_fastrtps_cpp/cmake)
[0.555s] -- Found OpenSSL: /usr/lib/x86_64-linux-gnu/libcrypto.so (found version "3.0.2")  
[0.571s] -- Found FastRTPS: /opt/ros/humble/include  
[0.600s] -- Using RMW implementation 'rmw_fastrtps_cpp' as default
[0.689s] -- Found rclcpp_components: 16.0.1 (/opt/ros/humble/share/rclcpp_components/cmake)
[0.733s] -- Found sensor_msgs: 4.2.2 (/opt/ros/humble/share/sensor_msgs/cmake)
[0.790s] -- Found SPNAV: /usr/lib/libspnav.so  
[0.792s] -- Found ament_lint_auto: 0.12.4 (/opt/ros/humble/share/ament_lint_auto/cmake)
[0.842s] -- Added test 'cppcheck' to perform static code analysis on C / C++ code
[0.842s] -- Configured cppcheck include dirs: $<BUILD_INTERFACE:/home/bayram/projects/LeoDrive_ws/joystick_ros2/src/joystick_drivers/spacenav/include>
[0.842s] -- Configured cppcheck exclude dirs and/or files: 
[0.843s] -- Added test 'cpplint' to check C / C++ code against the Google style
[0.843s] -- Configured cpplint exclude dirs and/or files: 
[0.843s] -- Added test 'flake8' to check Python code syntax and style conventions
[0.844s] -- Added test 'lint_cmake' to check CMake code style
[0.844s] -- Added test 'pep257' to check Python code against some of the docstring style conventions in PEP 257
[0.844s] -- Added test 'uncrustify' to check C / C++ code style
[0.844s] -- Configured uncrustify additional arguments: 
[0.844s] -- Added test 'xmllint' to check XML markup files
[0.845s] -- Configuring done
[0.853s] -- Generating done
[0.854s] -- Build files have been written to: /home/bayram/projects/LeoDrive_ws/joystick_ros2/build/spacenav
[0.860s] Invoked command in '/home/bayram/projects/LeoDrive_ws/joystick_ros2/build/spacenav' returned '0': CMAKE_PREFIX_PATH=/opt/ros/humble /usr/bin/cmake /home/bayram/projects/LeoDrive_ws/joystick_ros2/src/joystick_drivers/spacenav -DCMAKE_INSTALL_PREFIX=/home/bayram/projects/LeoDrive_ws/joystick_ros2/install/spacenav
[0.861s] Invoking command in '/home/bayram/projects/LeoDrive_ws/joystick_ros2/build/spacenav': CMAKE_PREFIX_PATH=/opt/ros/humble /usr/bin/cmake --build /home/bayram/projects/LeoDrive_ws/joystick_ros2/build/spacenav -- -j20 -l20
[0.887s] [ 25%] [32mBuilding CXX object CMakeFiles/spacenav_node.dir/rclcpp_components/node_main_spacenav_node.cpp.o[0m
[0.887s] [ 50%] [32mBuilding CXX object CMakeFiles/spacenav.dir/src/spacenav.cpp.o[0m
[3.090s] [ 75%] [32m[1mLinking CXX executable spacenav_node[0m
[3.171s] [ 75%] Built target spacenav_node
[4.813s] [100%] [32m[1mLinking CXX shared library libspacenav.so[0m
[4.959s] [100%] Built target spacenav
[4.970s] Invoked command in '/home/bayram/projects/LeoDrive_ws/joystick_ros2/build/spacenav' returned '0': CMAKE_PREFIX_PATH=/opt/ros/humble /usr/bin/cmake --build /home/bayram/projects/LeoDrive_ws/joystick_ros2/build/spacenav -- -j20 -l20
[4.984s] Invoking command in '/home/bayram/projects/LeoDrive_ws/joystick_ros2/build/spacenav': CMAKE_PREFIX_PATH=/opt/ros/humble /usr/bin/cmake --install /home/bayram/projects/LeoDrive_ws/joystick_ros2/build/spacenav
[4.988s] -- Install configuration: ""
[4.988s] -- Installing: /home/bayram/projects/LeoDrive_ws/joystick_ros2/install/spacenav/lib/libspacenav.so
[4.990s] -- Set runtime path of "/home/bayram/projects/LeoDrive_ws/joystick_ros2/install/spacenav/lib/libspacenav.so" to ""
[4.990s] -- Installing: /home/bayram/projects/LeoDrive_ws/joystick_ros2/install/spacenav/lib/spacenav/spacenav_node
[4.990s] -- Set runtime path of "/home/bayram/projects/LeoDrive_ws/joystick_ros2/install/spacenav/lib/spacenav/spacenav_node" to ""
[4.990s] -- Installing: /home/bayram/projects/LeoDrive_ws/joystick_ros2/install/spacenav/include/spacenav
[4.990s] -- Installing: /home/bayram/projects/LeoDrive_ws/joystick_ros2/install/spacenav/include/spacenav/spacenav
[4.991s] -- Installing: /home/bayram/projects/LeoDrive_ws/joystick_ros2/install/spacenav/include/spacenav/spacenav/spacenav.hpp
[4.991s] -- Installing: /home/bayram/projects/LeoDrive_ws/joystick_ros2/install/spacenav/share/spacenav//launch
[4.991s] -- Installing: /home/bayram/projects/LeoDrive_ws/joystick_ros2/install/spacenav/share/spacenav//launch/static_deadband-launch.py
[4.991s] -- Installing: /home/bayram/projects/LeoDrive_ws/joystick_ros2/install/spacenav/share/spacenav//launch/no_deadband-launch.py
[4.991s] -- Installing: /home/bayram/projects/LeoDrive_ws/joystick_ros2/install/spacenav/share/spacenav//launch/classic-launch.py
[4.991s] -- Up-to-date: /home/bayram/projects/LeoDrive_ws/joystick_ros2/install/spacenav/lib/libspacenav.so
[4.991s] -- Installing: /home/bayram/projects/LeoDrive_ws/joystick_ros2/install/spacenav/share/ament_index/resource_index/package_run_dependencies/spacenav
[4.991s] -- Installing: /home/bayram/projects/LeoDrive_ws/joystick_ros2/install/spacenav/share/ament_index/resource_index/parent_prefix_path/spacenav
[4.991s] -- Installing: /home/bayram/projects/LeoDrive_ws/joystick_ros2/install/spacenav/share/spacenav/environment/ament_prefix_path.sh
[4.991s] -- Installing: /home/bayram/projects/LeoDrive_ws/joystick_ros2/install/spacenav/share/spacenav/environment/ament_prefix_path.dsv
[4.991s] -- Installing: /home/bayram/projects/LeoDrive_ws/joystick_ros2/install/spacenav/share/spacenav/environment/path.sh
[4.991s] -- Installing: /home/bayram/projects/LeoDrive_ws/joystick_ros2/install/spacenav/share/spacenav/environment/path.dsv
[4.992s] -- Installing: /home/bayram/projects/LeoDrive_ws/joystick_ros2/install/spacenav/share/spacenav/local_setup.bash
[4.992s] -- Installing: /home/bayram/projects/LeoDrive_ws/joystick_ros2/install/spacenav/share/spacenav/local_setup.sh
[4.992s] -- Installing: /home/bayram/projects/LeoDrive_ws/joystick_ros2/install/spacenav/share/spacenav/local_setup.zsh
[4.992s] -- Installing: /home/bayram/projects/LeoDrive_ws/joystick_ros2/install/spacenav/share/spacenav/local_setup.dsv
[4.992s] -- Installing: /home/bayram/projects/LeoDrive_ws/joystick_ros2/install/spacenav/share/spacenav/package.dsv
[4.992s] -- Installing: /home/bayram/projects/LeoDrive_ws/joystick_ros2/install/spacenav/share/ament_index/resource_index/packages/spacenav
[4.992s] -- Installing: /home/bayram/projects/LeoDrive_ws/joystick_ros2/install/spacenav/share/ament_index/resource_index/rclcpp_components/spacenav
[4.992s] -- Installing: /home/bayram/projects/LeoDrive_ws/joystick_ros2/install/spacenav/share/spacenav/cmake/export_spacenavExport.cmake
[4.992s] -- Installing: /home/bayram/projects/LeoDrive_ws/joystick_ros2/install/spacenav/share/spacenav/cmake/export_spacenavExport-noconfig.cmake
[4.992s] -- Installing: /home/bayram/projects/LeoDrive_ws/joystick_ros2/install/spacenav/share/spacenav/cmake/ament_cmake_export_targets-extras.cmake
[4.992s] -- Installing: /home/bayram/projects/LeoDrive_ws/joystick_ros2/install/spacenav/share/spacenav/cmake/ament_cmake_export_dependencies-extras.cmake
[4.992s] -- Installing: /home/bayram/projects/LeoDrive_ws/joystick_ros2/install/spacenav/share/spacenav/cmake/spacenavConfig.cmake
[4.992s] -- Installing: /home/bayram/projects/LeoDrive_ws/joystick_ros2/install/spacenav/share/spacenav/cmake/spacenavConfig-version.cmake
[4.992s] -- Installing: /home/bayram/projects/LeoDrive_ws/joystick_ros2/install/spacenav/share/spacenav/package.xml
[4.994s] Invoked command in '/home/bayram/projects/LeoDrive_ws/joystick_ros2/build/spacenav' returned '0': CMAKE_PREFIX_PATH=/opt/ros/humble /usr/bin/cmake --install /home/bayram/projects/LeoDrive_ws/joystick_ros2/build/spacenav
