[0.013s] Invoking command in '/home/bayram/projects/LeoDrive_ws/joystick_ros2/build/sdl2_vendor': CMAKE_PREFIX_PATH=/opt/ros/humble /usr/bin/cmake /home/bayram/projects/LeoDrive_ws/joystick_ros2/src/joystick_drivers/sdl2_vendor -DCMAKE_INSTALL_PREFIX=/home/bayram/projects/LeoDrive_ws/joystick_ros2/install/sdl2_vendor
[0.049s] -- The C compiler identification is GNU 11.3.0
[0.084s] -- The CXX compiler identification is GNU 11.3.0
[0.089s] -- Detecting C compiler ABI info
[0.127s] -- Detecting C compiler ABI info - done
[0.134s] -- Check for working C compiler: /usr/bin/cc - skipped
[0.134s] -- Detecting C compile features
[0.134s] -- Detecting C compile features - done
[0.137s] -- Detecting CXX compiler ABI info
[0.181s] -- Detecting CXX compiler ABI info - done
[0.188s] -- Check for working CXX compiler: /usr/bin/c++ - skipped
[0.188s] -- Detecting CXX compile features
[0.189s] -- Detecting CXX compile features - done
[0.190s] -- Found ament_cmake: 1.3.2 (/opt/ros/humble/share/ament_cmake/cmake)
[0.297s] -- Found Python3: /usr/bin/python3.10 (found version "3.10.6") found components: Interpreter 
[0.388s] -- Configuring done
[0.390s] -- Generating done
[0.390s] -- Build files have been written to: /home/bayram/projects/LeoDrive_ws/joystick_ros2/build/sdl2_vendor
[0.394s] Invoked command in '/home/bayram/projects/LeoDrive_ws/joystick_ros2/build/sdl2_vendor' returned '0': CMAKE_PREFIX_PATH=/opt/ros/humble /usr/bin/cmake /home/bayram/projects/LeoDrive_ws/joystick_ros2/src/joystick_drivers/sdl2_vendor -DCMAKE_INSTALL_PREFIX=/home/bayram/projects/LeoDrive_ws/joystick_ros2/install/sdl2_vendor
[0.395s] Invoking command in '/home/bayram/projects/LeoDrive_ws/joystick_ros2/build/sdl2_vendor': CMAKE_PREFIX_PATH=/opt/ros/humble /usr/bin/cmake --build /home/bayram/projects/LeoDrive_ws/joystick_ros2/build/sdl2_vendor -- -j20 -l20
[0.413s] Invoked command in '/home/bayram/projects/LeoDrive_ws/joystick_ros2/build/sdl2_vendor' returned '0': CMAKE_PREFIX_PATH=/opt/ros/humble /usr/bin/cmake --build /home/bayram/projects/LeoDrive_ws/joystick_ros2/build/sdl2_vendor -- -j20 -l20
[0.429s] Invoking command in '/home/bayram/projects/LeoDrive_ws/joystick_ros2/build/sdl2_vendor': CMAKE_PREFIX_PATH=/opt/ros/humble /usr/bin/cmake --install /home/bayram/projects/LeoDrive_ws/joystick_ros2/build/sdl2_vendor
[0.433s] -- Install configuration: ""
[0.433s] -- Installing: /home/bayram/projects/LeoDrive_ws/joystick_ros2/install/sdl2_vendor/share/sdl2_vendor/cmake
[0.433s] -- Installing: /home/bayram/projects/LeoDrive_ws/joystick_ros2/install/sdl2_vendor/share/sdl2_vendor/cmake/Modules
[0.433s] -- Installing: /home/bayram/projects/LeoDrive_ws/joystick_ros2/install/sdl2_vendor/share/sdl2_vendor/cmake/Modules/Findsdl2_custom.cmake
[0.434s] -- Installing: /home/bayram/projects/LeoDrive_ws/joystick_ros2/install/sdl2_vendor/share/ament_index/resource_index/package_run_dependencies/sdl2_vendor
[0.434s] -- Installing: /home/bayram/projects/LeoDrive_ws/joystick_ros2/install/sdl2_vendor/share/ament_index/resource_index/parent_prefix_path/sdl2_vendor
[0.434s] -- Installing: /home/bayram/projects/LeoDrive_ws/joystick_ros2/install/sdl2_vendor/share/sdl2_vendor/environment/ament_prefix_path.sh
[0.434s] -- Installing: /home/bayram/projects/LeoDrive_ws/joystick_ros2/install/sdl2_vendor/share/sdl2_vendor/environment/ament_prefix_path.dsv
[0.434s] -- Installing: /home/bayram/projects/LeoDrive_ws/joystick_ros2/install/sdl2_vendor/share/sdl2_vendor/environment/path.sh
[0.434s] -- Installing: /home/bayram/projects/LeoDrive_ws/joystick_ros2/install/sdl2_vendor/share/sdl2_vendor/environment/path.dsv
[0.434s] -- Installing: /home/bayram/projects/LeoDrive_ws/joystick_ros2/install/sdl2_vendor/share/sdl2_vendor/local_setup.bash
[0.434s] -- Installing: /home/bayram/projects/LeoDrive_ws/joystick_ros2/install/sdl2_vendor/share/sdl2_vendor/local_setup.sh
[0.434s] -- Installing: /home/bayram/projects/LeoDrive_ws/joystick_ros2/install/sdl2_vendor/share/sdl2_vendor/local_setup.zsh
[0.434s] -- Installing: /home/bayram/projects/LeoDrive_ws/joystick_ros2/install/sdl2_vendor/share/sdl2_vendor/local_setup.dsv
[0.434s] -- Installing: /home/bayram/projects/LeoDrive_ws/joystick_ros2/install/sdl2_vendor/share/sdl2_vendor/package.dsv
[0.434s] -- Installing: /home/bayram/projects/LeoDrive_ws/joystick_ros2/install/sdl2_vendor/share/ament_index/resource_index/packages/sdl2_vendor
[0.434s] -- Installing: /home/bayram/projects/LeoDrive_ws/joystick_ros2/install/sdl2_vendor/share/sdl2_vendor/cmake/sdl2_vendor-extras.cmake
[0.435s] -- Installing: /home/bayram/projects/LeoDrive_ws/joystick_ros2/install/sdl2_vendor/share/sdl2_vendor/cmake/sdl2_vendorConfig.cmake
[0.435s] -- Installing: /home/bayram/projects/LeoDrive_ws/joystick_ros2/install/sdl2_vendor/share/sdl2_vendor/cmake/sdl2_vendorConfig-version.cmake
[0.435s] -- Installing: /home/bayram/projects/LeoDrive_ws/joystick_ros2/install/sdl2_vendor/share/sdl2_vendor/package.xml
[0.436s] Invoked command in '/home/bayram/projects/LeoDrive_ws/joystick_ros2/build/sdl2_vendor' returned '0': CMAKE_PREFIX_PATH=/opt/ros/humble /usr/bin/cmake --install /home/bayram/projects/LeoDrive_ws/joystick_ros2/build/sdl2_vendor
