-- The C compiler identification is GNU 11.3.0
-- The CXX compiler identification is GNU 11.3.0
-- Detecting C compiler ABI info
-- Detecting C compiler ABI info - done
-- Check for working C compiler: /usr/bin/cc - skipped
-- Detecting C compile features
-- Detecting C compile features - done
-- Detecting CXX compiler ABI info
-- Detecting CXX compiler ABI info - done
-- Check for working CXX compiler: /usr/bin/c++ - skipped
-- Detecting CXX compile features
-- Detecting CXX compile features - done
-- Found ament_cmake: 1.3.2 (/opt/ros/humble/share/ament_cmake/cmake)
-- Found Python3: /usr/bin/python3.10 (found version "3.10.6") found components: Interpreter 
-- Found diagnostic_msgs: 4.2.2 (/opt/ros/humble/share/diagnostic_msgs/cmake)
-- Found rosidl_generator_c: 3.1.3 (/opt/ros/humble/share/rosidl_generator_c/cmake)
-- Found rosidl_adapter: 3.1.3 (/opt/ros/humble/share/rosidl_adapter/cmake)
-- Found rosidl_generator_cpp: 3.1.3 (/opt/ros/humble/share/rosidl_generator_cpp/cmake)
-- Using all available rosidl_typesupport_c: rosidl_typesupport_fastrtps_c;rosidl_typesupport_introspection_c
-- Using all available rosidl_typesupport_cpp: rosidl_typesupport_fastrtps_cpp;rosidl_typesupport_introspection_cpp
-- Found diagnostic_updater: 3.0.0 (/opt/ros/humble/share/diagnostic_updater/cmake)
-- Found rmw_implementation_cmake: 6.1.0 (/opt/ros/humble/share/rmw_implementation_cmake/cmake)
-- Found rmw_fastrtps_cpp: 6.2.1 (/opt/ros/humble/share/rmw_fastrtps_cpp/cmake)
-- Found OpenSSL: /usr/lib/x86_64-linux-gnu/libcrypto.so (found version "3.0.2")  
-- Found FastRTPS: /opt/ros/humble/include  
-- Using RMW implementation 'rmw_fastrtps_cpp' as default
-- Found sensor_msgs: 4.2.2 (/opt/ros/humble/share/sensor_msgs/cmake)
-- Looking for include file linux/joystick.h
-- Looking for include file linux/joystick.h - found
-- Found ament_lint_auto: 0.12.4 (/opt/ros/humble/share/ament_lint_auto/cmake)
-- Added test 'cppcheck' to perform static code analysis on C / C++ code
-- Configured cppcheck include dirs: /home/bayram/projects/LeoDrive_ws/joystick_ros2/src/joystick_drivers/joy_linux/msg/cpp
-- Configured cppcheck exclude dirs and/or files: 
-- Added test 'cpplint' to check C / C++ code against the Google style
-- Configured cpplint exclude dirs and/or files: 
-- Added test 'lint_cmake' to check CMake code style
-- Added test 'uncrustify' to check C / C++ code style
-- Configured uncrustify additional arguments: 
-- Added test 'xmllint' to check XML markup files
-- Configuring done
-- Generating done
-- Build files have been written to: /home/bayram/projects/LeoDrive_ws/joystick_ros2/build/joy_linux
[ 50%] [32mBuilding CXX object CMakeFiles/joy_linux_node.dir/src/joy_linux_node.cpp.o[0m
[100%] [32m[1mLinking CXX executable joy_linux_node[0m
[100%] Built target joy_linux_node
-- Install configuration: ""
-- Installing: /home/bayram/projects/LeoDrive_ws/joystick_ros2/install/joy_linux/lib/joy_linux/joy_linux_node
-- Set runtime path of "/home/bayram/projects/LeoDrive_ws/joystick_ros2/install/joy_linux/lib/joy_linux/joy_linux_node" to ""
-- Installing: /home/bayram/projects/LeoDrive_ws/joystick_ros2/install/joy_linux/share/ament_index/resource_index/package_run_dependencies/joy_linux
-- Installing: /home/bayram/projects/LeoDrive_ws/joystick_ros2/install/joy_linux/share/ament_index/resource_index/parent_prefix_path/joy_linux
-- Installing: /home/bayram/projects/LeoDrive_ws/joystick_ros2/install/joy_linux/share/joy_linux/environment/ament_prefix_path.sh
-- Installing: /home/bayram/projects/LeoDrive_ws/joystick_ros2/install/joy_linux/share/joy_linux/environment/ament_prefix_path.dsv
-- Installing: /home/bayram/projects/LeoDrive_ws/joystick_ros2/install/joy_linux/share/joy_linux/environment/path.sh
-- Installing: /home/bayram/projects/LeoDrive_ws/joystick_ros2/install/joy_linux/share/joy_linux/environment/path.dsv
-- Installing: /home/bayram/projects/LeoDrive_ws/joystick_ros2/install/joy_linux/share/joy_linux/local_setup.bash
-- Installing: /home/bayram/projects/LeoDrive_ws/joystick_ros2/install/joy_linux/share/joy_linux/local_setup.sh
-- Installing: /home/bayram/projects/LeoDrive_ws/joystick_ros2/install/joy_linux/share/joy_linux/local_setup.zsh
-- Installing: /home/bayram/projects/LeoDrive_ws/joystick_ros2/install/joy_linux/share/joy_linux/local_setup.dsv
-- Installing: /home/bayram/projects/LeoDrive_ws/joystick_ros2/install/joy_linux/share/joy_linux/package.dsv
-- Installing: /home/bayram/projects/LeoDrive_ws/joystick_ros2/install/joy_linux/share/ament_index/resource_index/packages/joy_linux
-- Installing: /home/bayram/projects/LeoDrive_ws/joystick_ros2/install/joy_linux/share/joy_linux/cmake/joy_linuxConfig.cmake
-- Installing: /home/bayram/projects/LeoDrive_ws/joystick_ros2/install/joy_linux/share/joy_linux/cmake/joy_linuxConfig-version.cmake
-- Installing: /home/bayram/projects/LeoDrive_ws/joystick_ros2/install/joy_linux/share/joy_linux/package.xml
