[0.011s] Invoking command in '/home/bayram/projects/LeoDrive_ws/joystick_ros2/build/joy_linux': CMAKE_PREFIX_PATH=/opt/ros/humble /usr/bin/cmake /home/bayram/projects/LeoDrive_ws/joystick_ros2/src/joystick_drivers/joy_linux -DCMAKE_INSTALL_PREFIX=/home/bayram/projects/LeoDrive_ws/joystick_ros2/install/joy_linux
[0.042s] -- The C compiler identification is GNU 11.3.0
[0.077s] -- The CXX compiler identification is GNU 11.3.0
[0.080s] -- Detecting C compiler ABI info
[0.119s] -- Detecting C compiler ABI info - done
[0.123s] -- Check for working C compiler: /usr/bin/cc - skipped
[0.123s] -- Detecting C compile features
[0.123s] -- Detecting C compile features - done
[0.125s] -- Detecting CXX compiler ABI info
[0.172s] -- Detecting CXX compiler ABI info - done
[0.176s] -- Check for working CXX compiler: /usr/bin/c++ - skipped
[0.177s] -- Detecting CXX compile features
[0.177s] -- Detecting CXX compile features - done
[0.178s] -- Found ament_cmake: 1.3.2 (/opt/ros/humble/share/ament_cmake/cmake)
[0.284s] -- Found Python3: /usr/bin/python3.10 (found version "3.10.6") found components: Interpreter 
[0.335s] -- Found diagnostic_msgs: 4.2.2 (/opt/ros/humble/share/diagnostic_msgs/cmake)
[0.356s] -- Found rosidl_generator_c: 3.1.3 (/opt/ros/humble/share/rosidl_generator_c/cmake)
[0.359s] -- Found rosidl_adapter: 3.1.3 (/opt/ros/humble/share/rosidl_adapter/cmake)
[0.364s] -- Found rosidl_generator_cpp: 3.1.3 (/opt/ros/humble/share/rosidl_generator_cpp/cmake)
[0.372s] -- Using all available rosidl_typesupport_c: rosidl_typesupport_fastrtps_c;rosidl_typesupport_introspection_c
[0.384s] -- Using all available rosidl_typesupport_cpp: rosidl_typesupport_fastrtps_cpp;rosidl_typesupport_introspection_cpp
[0.465s] -- Found diagnostic_updater: 3.0.0 (/opt/ros/humble/share/diagnostic_updater/cmake)
[0.506s] -- Found rmw_implementation_cmake: 6.1.0 (/opt/ros/humble/share/rmw_implementation_cmake/cmake)
[0.507s] -- Found rmw_fastrtps_cpp: 6.2.1 (/opt/ros/humble/share/rmw_fastrtps_cpp/cmake)
[0.562s] -- Found OpenSSL: /usr/lib/x86_64-linux-gnu/libcrypto.so (found version "3.0.2")  
[0.578s] -- Found FastRTPS: /opt/ros/humble/include  
[0.608s] -- Using RMW implementation 'rmw_fastrtps_cpp' as default
[0.709s] -- Found sensor_msgs: 4.2.2 (/opt/ros/humble/share/sensor_msgs/cmake)
[0.793s] -- Looking for include file linux/joystick.h
[0.834s] -- Looking for include file linux/joystick.h - found
[0.858s] -- Found ament_lint_auto: 0.12.4 (/opt/ros/humble/share/ament_lint_auto/cmake)
[0.909s] -- Added test 'cppcheck' to perform static code analysis on C / C++ code
[0.909s] -- Configured cppcheck include dirs: /home/bayram/projects/LeoDrive_ws/joystick_ros2/src/joystick_drivers/joy_linux/msg/cpp
[0.909s] -- Configured cppcheck exclude dirs and/or files: 
[0.910s] -- Added test 'cpplint' to check C / C++ code against the Google style
[0.910s] -- Configured cpplint exclude dirs and/or files: 
[0.910s] -- Added test 'lint_cmake' to check CMake code style
[0.910s] -- Added test 'uncrustify' to check C / C++ code style
[0.911s] -- Configured uncrustify additional arguments: 
[0.911s] -- Added test 'xmllint' to check XML markup files
[0.911s] -- Configuring done
[0.921s] -- Generating done
[0.922s] -- Build files have been written to: /home/bayram/projects/LeoDrive_ws/joystick_ros2/build/joy_linux
[0.930s] Invoked command in '/home/bayram/projects/LeoDrive_ws/joystick_ros2/build/joy_linux' returned '0': CMAKE_PREFIX_PATH=/opt/ros/humble /usr/bin/cmake /home/bayram/projects/LeoDrive_ws/joystick_ros2/src/joystick_drivers/joy_linux -DCMAKE_INSTALL_PREFIX=/home/bayram/projects/LeoDrive_ws/joystick_ros2/install/joy_linux
[0.930s] Invoking command in '/home/bayram/projects/LeoDrive_ws/joystick_ros2/build/joy_linux': CMAKE_PREFIX_PATH=/opt/ros/humble /usr/bin/cmake --build /home/bayram/projects/LeoDrive_ws/joystick_ros2/build/joy_linux -- -j20 -l20
[0.957s] [ 50%] [32mBuilding CXX object CMakeFiles/joy_linux_node.dir/src/joy_linux_node.cpp.o[0m
[8.897s] [100%] [32m[1mLinking CXX executable joy_linux_node[0m
[9.582s] [100%] Built target joy_linux_node
[9.597s] Invoked command in '/home/bayram/projects/LeoDrive_ws/joystick_ros2/build/joy_linux' returned '0': CMAKE_PREFIX_PATH=/opt/ros/humble /usr/bin/cmake --build /home/bayram/projects/LeoDrive_ws/joystick_ros2/build/joy_linux -- -j20 -l20
[9.634s] Invoking command in '/home/bayram/projects/LeoDrive_ws/joystick_ros2/build/joy_linux': CMAKE_PREFIX_PATH=/opt/ros/humble /usr/bin/cmake --install /home/bayram/projects/LeoDrive_ws/joystick_ros2/build/joy_linux
[9.639s] -- Install configuration: ""
[9.640s] -- Installing: /home/bayram/projects/LeoDrive_ws/joystick_ros2/install/joy_linux/lib/joy_linux/joy_linux_node
[9.644s] -- Set runtime path of "/home/bayram/projects/LeoDrive_ws/joystick_ros2/install/joy_linux/lib/joy_linux/joy_linux_node" to ""
[9.645s] -- Installing: /home/bayram/projects/LeoDrive_ws/joystick_ros2/install/joy_linux/share/ament_index/resource_index/package_run_dependencies/joy_linux
[9.646s] -- Installing: /home/bayram/projects/LeoDrive_ws/joystick_ros2/install/joy_linux/share/ament_index/resource_index/parent_prefix_path/joy_linux
[9.647s] -- Installing: /home/bayram/projects/LeoDrive_ws/joystick_ros2/install/joy_linux/share/joy_linux/environment/ament_prefix_path.sh
[9.649s] -- Installing: /home/bayram/projects/LeoDrive_ws/joystick_ros2/install/joy_linux/share/joy_linux/environment/ament_prefix_path.dsv
[9.649s] -- Installing: /home/bayram/projects/LeoDrive_ws/joystick_ros2/install/joy_linux/share/joy_linux/environment/path.sh
[9.650s] -- Installing: /home/bayram/projects/LeoDrive_ws/joystick_ros2/install/joy_linux/share/joy_linux/environment/path.dsv
[9.653s] -- Installing: /home/bayram/projects/LeoDrive_ws/joystick_ros2/install/joy_linux/share/joy_linux/local_setup.bash
[9.653s] -- Installing: /home/bayram/projects/LeoDrive_ws/joystick_ros2/install/joy_linux/share/joy_linux/local_setup.sh
[9.654s] -- Installing: /home/bayram/projects/LeoDrive_ws/joystick_ros2/install/joy_linux/share/joy_linux/local_setup.zsh
[9.654s] -- Installing: /home/bayram/projects/LeoDrive_ws/joystick_ros2/install/joy_linux/share/joy_linux/local_setup.dsv
[9.654s] -- Installing: /home/bayram/projects/LeoDrive_ws/joystick_ros2/install/joy_linux/share/joy_linux/package.dsv
[9.654s] -- Installing: /home/bayram/projects/LeoDrive_ws/joystick_ros2/install/joy_linux/share/ament_index/resource_index/packages/joy_linux
[9.654s] -- Installing: /home/bayram/projects/LeoDrive_ws/joystick_ros2/install/joy_linux/share/joy_linux/cmake/joy_linuxConfig.cmake
[9.654s] -- Installing: /home/bayram/projects/LeoDrive_ws/joystick_ros2/install/joy_linux/share/joy_linux/cmake/joy_linuxConfig-version.cmake
[9.654s] -- Installing: /home/bayram/projects/LeoDrive_ws/joystick_ros2/install/joy_linux/share/joy_linux/package.xml
[9.654s] Invoked command in '/home/bayram/projects/LeoDrive_ws/joystick_ros2/build/joy_linux' returned '0': CMAKE_PREFIX_PATH=/opt/ros/humble /usr/bin/cmake --install /home/bayram/projects/LeoDrive_ws/joystick_ros2/build/joy_linux
