[0.016s] Invoking command in '/home/bayram/projects/LeoDrive_ws/joystick_ros2/build/sdl2_vendor': CMAKE_PREFIX_PATH=/opt/ros/humble /usr/bin/cmake --build /home/bayram/projects/LeoDrive_ws/joystick_ros2/build/sdl2_vendor -- -j20 -l20
[0.056s] Invoked command in '/home/bayram/projects/LeoDrive_ws/joystick_ros2/build/sdl2_vendor' returned '0': CMAKE_PREFIX_PATH=/opt/ros/humble /usr/bin/cmake --build /home/bayram/projects/LeoDrive_ws/joystick_ros2/build/sdl2_vendor -- -j20 -l20
[0.076s] Invoking command in '/home/bayram/projects/LeoDrive_ws/joystick_ros2/build/sdl2_vendor': CMAKE_PREFIX_PATH=/opt/ros/humble /usr/bin/cmake --install /home/bayram/projects/LeoDrive_ws/joystick_ros2/build/sdl2_vendor
[0.082s] -- Install configuration: ""
[0.082s] -- Up-to-date: /home/bayram/projects/LeoDrive_ws/joystick_ros2/install/sdl2_vendor/share/sdl2_vendor/cmake
[0.082s] -- Up-to-date: /home/bayram/projects/LeoDrive_ws/joystick_ros2/install/sdl2_vendor/share/sdl2_vendor/cmake/Modules
[0.082s] -- Up-to-date: /home/bayram/projects/LeoDrive_ws/joystick_ros2/install/sdl2_vendor/share/sdl2_vendor/cmake/Modules/Findsdl2_custom.cmake
[0.082s] -- Up-to-date: /home/bayram/projects/LeoDrive_ws/joystick_ros2/install/sdl2_vendor/share/ament_index/resource_index/package_run_dependencies/sdl2_vendor
[0.083s] -- Up-to-date: /home/bayram/projects/LeoDrive_ws/joystick_ros2/install/sdl2_vendor/share/ament_index/resource_index/parent_prefix_path/sdl2_vendor
[0.083s] -- Up-to-date: /home/bayram/projects/LeoDrive_ws/joystick_ros2/install/sdl2_vendor/share/sdl2_vendor/environment/ament_prefix_path.sh
[0.083s] -- Up-to-date: /home/bayram/projects/LeoDrive_ws/joystick_ros2/install/sdl2_vendor/share/sdl2_vendor/environment/ament_prefix_path.dsv
[0.083s] -- Up-to-date: /home/bayram/projects/LeoDrive_ws/joystick_ros2/install/sdl2_vendor/share/sdl2_vendor/environment/path.sh
[0.083s] -- Up-to-date: /home/bayram/projects/LeoDrive_ws/joystick_ros2/install/sdl2_vendor/share/sdl2_vendor/environment/path.dsv
[0.084s] -- Up-to-date: /home/bayram/projects/LeoDrive_ws/joystick_ros2/install/sdl2_vendor/share/sdl2_vendor/local_setup.bash
[0.084s] -- Up-to-date: /home/bayram/projects/LeoDrive_ws/joystick_ros2/install/sdl2_vendor/share/sdl2_vendor/local_setup.sh
[0.084s] -- Up-to-date: /home/bayram/projects/LeoDrive_ws/joystick_ros2/install/sdl2_vendor/share/sdl2_vendor/local_setup.zsh
[0.084s] -- Up-to-date: /home/bayram/projects/LeoDrive_ws/joystick_ros2/install/sdl2_vendor/share/sdl2_vendor/local_setup.dsv
[0.084s] -- Up-to-date: /home/bayram/projects/LeoDrive_ws/joystick_ros2/install/sdl2_vendor/share/sdl2_vendor/package.dsv
[0.084s] -- Up-to-date: /home/bayram/projects/LeoDrive_ws/joystick_ros2/install/sdl2_vendor/share/ament_index/resource_index/packages/sdl2_vendor
[0.084s] -- Up-to-date: /home/bayram/projects/LeoDrive_ws/joystick_ros2/install/sdl2_vendor/share/sdl2_vendor/cmake/sdl2_vendor-extras.cmake
[0.084s] -- Up-to-date: /home/bayram/projects/LeoDrive_ws/joystick_ros2/install/sdl2_vendor/share/sdl2_vendor/cmake/sdl2_vendorConfig.cmake
[0.084s] -- Up-to-date: /home/bayram/projects/LeoDrive_ws/joystick_ros2/install/sdl2_vendor/share/sdl2_vendor/cmake/sdl2_vendorConfig-version.cmake
[0.084s] -- Up-to-date: /home/bayram/projects/LeoDrive_ws/joystick_ros2/install/sdl2_vendor/share/sdl2_vendor/package.xml
[0.088s] Invoked command in '/home/bayram/projects/LeoDrive_ws/joystick_ros2/build/sdl2_vendor' returned '0': CMAKE_PREFIX_PATH=/opt/ros/humble /usr/bin/cmake --install /home/bayram/projects/LeoDrive_ws/joystick_ros2/build/sdl2_vendor
