[0.010s] Invoking command in '/home/bayram/projects/LeoDrive_ws/ros2socketcan/build/ros2_socketcan': CMAKE_PREFIX_PATH=${CMAKE_PREFIX_PATH}:/opt/ros/humble /usr/bin/cmake --build /home/bayram/projects/LeoDrive_ws/ros2socketcan/build/ros2_socketcan -- -j20 -l20
[0.054s] [35m[1mConsolidate compiler generated dependencies of target gtest_main[0m
[0.055s] [35m[1mConsolidate compiler generated dependencies of target gtest[0m
[0.055s] [35m[1mConsolidate compiler generated dependencies of target socket_can_receiver_node_exe[0m
[0.055s] [35m[1mConsolidate compiler generated dependencies of target socket_can_sender_node_exe[0m
[0.055s] [35m[1mConsolidate compiler generated dependencies of target ros2_socketcan[0m
[0.067s] [ 28%] Built target gtest
[0.067s] [ 28%] Built target gtest_main
[0.067s] [ 42%] Built target ros2_socketcan
[0.073s] [ 57%] Built target socket_can_sender_node_exe
[0.073s] [ 61%] Built target socket_can_receiver_node_exe
[0.074s] [35m[1mConsolidate compiler generated dependencies of target socket_can_receiver_node[0m
[0.074s] [35m[1mConsolidate compiler generated dependencies of target ros2_socketcan_test[0m
[0.083s] [ 80%] Built target ros2_socketcan_test
[0.085s] [ 90%] Built target socket_can_receiver_node
[0.091s] [35m[1mConsolidate compiler generated dependencies of target socket_can_sender_node[0m
[0.098s] [100%] Built target socket_can_sender_node
[0.104s] Invoked command in '/home/bayram/projects/LeoDrive_ws/ros2socketcan/build/ros2_socketcan' returned '0': CMAKE_PREFIX_PATH=${CMAKE_PREFIX_PATH}:/opt/ros/humble /usr/bin/cmake --build /home/bayram/projects/LeoDrive_ws/ros2socketcan/build/ros2_socketcan -- -j20 -l20
[0.134s] Invoking command in '/home/bayram/projects/LeoDrive_ws/ros2socketcan/build/ros2_socketcan': CMAKE_PREFIX_PATH=${CMAKE_PREFIX_PATH}:/opt/ros/humble /usr/bin/cmake --install /home/bayram/projects/LeoDrive_ws/ros2socketcan/build/ros2_socketcan
[0.138s] -- Install configuration: ""
[0.138s] -- Up-to-date: /home/bayram/projects/LeoDrive_ws/ros2socketcan/install/ros2_socketcan/lib/ros2_socketcan/socket_can_receiver_node_exe
[0.139s] -- Up-to-date: /home/bayram/projects/LeoDrive_ws/ros2socketcan/install/ros2_socketcan/lib/ros2_socketcan/socket_can_sender_node_exe
[0.139s] -- Up-to-date: /home/bayram/projects/LeoDrive_ws/ros2socketcan/install/ros2_socketcan/include
[0.139s] -- Up-to-date: /home/bayram/projects/LeoDrive_ws/ros2socketcan/install/ros2_socketcan/include/ros2_socketcan
[0.139s] -- Up-to-date: /home/bayram/projects/LeoDrive_ws/ros2socketcan/install/ros2_socketcan/include/ros2_socketcan/socket_can_sender_node.hpp
[0.139s] -- Up-to-date: /home/bayram/projects/LeoDrive_ws/ros2socketcan/install/ros2_socketcan/include/ros2_socketcan/socket_can_receiver.hpp
[0.139s] -- Up-to-date: /home/bayram/projects/LeoDrive_ws/ros2socketcan/install/ros2_socketcan/include/ros2_socketcan/socket_can_receiver_node.hpp
[0.139s] -- Up-to-date: /home/bayram/projects/LeoDrive_ws/ros2socketcan/install/ros2_socketcan/include/ros2_socketcan/socket_can_sender.hpp
[0.139s] -- Up-to-date: /home/bayram/projects/LeoDrive_ws/ros2socketcan/install/ros2_socketcan/include/ros2_socketcan/visibility_control.hpp
[0.139s] -- Up-to-date: /home/bayram/projects/LeoDrive_ws/ros2socketcan/install/ros2_socketcan/include/ros2_socketcan/socket_can_id.hpp
[0.140s] -- Up-to-date: /home/bayram/projects/LeoDrive_ws/ros2socketcan/install/ros2_socketcan/include/ros2_socketcan/socket_can_common.hpp
[0.140s] -- Up-to-date: /home/bayram/projects/LeoDrive_ws/ros2socketcan/install/ros2_socketcan/share/ros2_socketcan/environment/library_path.sh
[0.140s] -- Up-to-date: /home/bayram/projects/LeoDrive_ws/ros2socketcan/install/ros2_socketcan/share/ros2_socketcan/environment/library_path.dsv
[0.140s] -- Up-to-date: /home/bayram/projects/LeoDrive_ws/ros2socketcan/install/ros2_socketcan/lib/libros2_socketcan.so
[0.140s] -- Up-to-date: /home/bayram/projects/LeoDrive_ws/ros2socketcan/install/ros2_socketcan/lib/libsocket_can_receiver_node.so
[0.141s] -- Up-to-date: /home/bayram/projects/LeoDrive_ws/ros2socketcan/install/ros2_socketcan/lib/libsocket_can_sender_node.so
[0.141s] -- Up-to-date: /home/bayram/projects/LeoDrive_ws/ros2socketcan/install/ros2_socketcan/share/ros2_socketcan/launch
[0.141s] -- Up-to-date: /home/bayram/projects/LeoDrive_ws/ros2socketcan/install/ros2_socketcan/share/ros2_socketcan/launch/socket_can_receiver.launch.py
[0.141s] -- Up-to-date: /home/bayram/projects/LeoDrive_ws/ros2socketcan/install/ros2_socketcan/share/ros2_socketcan/launch/socket_can_sender.launch.py
[0.141s] -- Up-to-date: /home/bayram/projects/LeoDrive_ws/ros2socketcan/install/ros2_socketcan/share/ros2_socketcan/launch/socket_can_bridge.launch.xml
[0.141s] -- Up-to-date: /home/bayram/projects/LeoDrive_ws/ros2socketcan/install/ros2_socketcan/share/ament_index/resource_index/package_run_dependencies/ros2_socketcan
[0.141s] -- Up-to-date: /home/bayram/projects/LeoDrive_ws/ros2socketcan/install/ros2_socketcan/share/ament_index/resource_index/parent_prefix_path/ros2_socketcan
[0.141s] -- Up-to-date: /home/bayram/projects/LeoDrive_ws/ros2socketcan/install/ros2_socketcan/share/ros2_socketcan/environment/ament_prefix_path.sh
[0.141s] -- Up-to-date: /home/bayram/projects/LeoDrive_ws/ros2socketcan/install/ros2_socketcan/share/ros2_socketcan/environment/ament_prefix_path.dsv
[0.141s] -- Up-to-date: /home/bayram/projects/LeoDrive_ws/ros2socketcan/install/ros2_socketcan/share/ros2_socketcan/environment/path.sh
[0.141s] -- Up-to-date: /home/bayram/projects/LeoDrive_ws/ros2socketcan/install/ros2_socketcan/share/ros2_socketcan/environment/path.dsv
[0.141s] -- Up-to-date: /home/bayram/projects/LeoDrive_ws/ros2socketcan/install/ros2_socketcan/share/ros2_socketcan/local_setup.bash
[0.141s] -- Up-to-date: /home/bayram/projects/LeoDrive_ws/ros2socketcan/install/ros2_socketcan/share/ros2_socketcan/local_setup.sh
[0.141s] -- Up-to-date: /home/bayram/projects/LeoDrive_ws/ros2socketcan/install/ros2_socketcan/share/ros2_socketcan/local_setup.zsh
[0.141s] -- Up-to-date: /home/bayram/projects/LeoDrive_ws/ros2socketcan/install/ros2_socketcan/share/ros2_socketcan/local_setup.dsv
[0.141s] -- Installing: /home/bayram/projects/LeoDrive_ws/ros2socketcan/install/ros2_socketcan/share/ros2_socketcan/package.dsv
[0.141s] -- Up-to-date: /home/bayram/projects/LeoDrive_ws/ros2socketcan/install/ros2_socketcan/share/ament_index/resource_index/packages/ros2_socketcan
[0.141s] -- Up-to-date: /home/bayram/projects/LeoDrive_ws/ros2socketcan/install/ros2_socketcan/share/ament_index/resource_index/rclcpp_components/ros2_socketcan
[0.141s] -- Up-to-date: /home/bayram/projects/LeoDrive_ws/ros2socketcan/install/ros2_socketcan/share/ros2_socketcan/cmake/ament_cmake_export_dependencies-extras.cmake
[0.141s] -- Up-to-date: /home/bayram/projects/LeoDrive_ws/ros2socketcan/install/ros2_socketcan/share/ros2_socketcan/cmake/ament_cmake_export_include_directories-extras.cmake
[0.141s] -- Up-to-date: /home/bayram/projects/LeoDrive_ws/ros2socketcan/install/ros2_socketcan/share/ros2_socketcan/cmake/ament_cmake_export_libraries-extras.cmake
[0.141s] -- Up-to-date: /home/bayram/projects/LeoDrive_ws/ros2socketcan/install/ros2_socketcan/share/ros2_socketcan/cmake/ros2_socketcanConfig.cmake
[0.141s] -- Up-to-date: /home/bayram/projects/LeoDrive_ws/ros2socketcan/install/ros2_socketcan/share/ros2_socketcan/cmake/ros2_socketcanConfig-version.cmake
[0.141s] -- Up-to-date: /home/bayram/projects/LeoDrive_ws/ros2socketcan/install/ros2_socketcan/share/ros2_socketcan/package.xml
[0.143s] Invoked command in '/home/bayram/projects/LeoDrive_ws/ros2socketcan/build/ros2_socketcan' returned '0': CMAKE_PREFIX_PATH=${CMAKE_PREFIX_PATH}:/opt/ros/humble /usr/bin/cmake --install /home/bayram/projects/LeoDrive_ws/ros2socketcan/build/ros2_socketcan
